<?xml version="1.0" encoding="UTF-8"?>
<!-- Generated by org.testng.reporters.JUnitXMLReporter -->
<testsuite ignored="0" hostname="LAPTOP-GKHRCD72" failures="0" tests="30" name="AutomationTests" time="425.19" errors="0" timestamp="2023-06-13T19:53:36 IST">
  <testcase classname="qalegend.LoginTestCase" name="verifyLoginWithValidUsernameAndInvalidPassword" time="1.278"/>
  <testcase classname="qalegend.LoginTestCase" name="verifyLoginWithValidUsernameAndValidPassword" time="2.842"/>
  <testcase classname="qalegend.UserManagementModule" name="verifyEditUserFunction" time="10.563"/>
  <testcase classname="qalegend.UserManagementModule" name="verifyInactiveUserCase" time="15.323"/>
  <testcase classname="qalegend.UserManagementModule" name="verifySearchUserFunctionality" time="6.913"/>
  <testcase classname="qalegend.UserManagementModule" name="verifyUserCreationWithValidData" time="11.167"/>
  <testcase classname="qalegend.UserManagementModule" name="verifyUserDeletedOnAcceptingConfirmationMessage" time="7.636"/>
  <testcase classname="qalegend.UserManagementModule" name="verifyUserNotDeletedOnClickingCancelOfConfirmationMessage" time="8.639"/>
  <testcase classname="qalegend.UserManagementModule" name="verifyViewUserFunctionality" time="8.706"/>
  <testcase classname="qalegend.UserManagementModule" name="verifyErrorMessageOnEnteringExistingUsernameInUserCreationPage" time="8.89"/>
  <testcase classname="qalegend.TaxRateModule" name="verifyTaxRateCreationOnEnteringValidData" time="5.58"/>
  <testcase classname="qalegend.TaxRateModule" name="verifyTaxRateUsedInTaxGroupCannotBeDeleted" time="6.179"/>
  <testcase classname="qalegend.TaxRateModule" name="verifyUserIsAbleToAddTaxGroupSuccessfully" time="6.473"/>
  <testcase classname="qalegend.TaxRateModule" name="verifyUserIsAbleToDeleteTaxRateSuccessfully" time="6.506"/>
  <testcase classname="qalegend.TaxRateModule" name="verifyUserIsAbleToEditTaxRateSuccessfully" time="6.337"/>
  <testcase classname="qalegend.TaxRateModule" name="verifyUserIsUnableToAddTaxRateOnLeavingNameFieldBlank" time="5.563"/>
  <testcase classname="qalegend.TaxRateModule" name="verifyUserIsUnableToAddTaxRateOnLeavingTaxRateFieldBlank" time="5.574"/>
  <testcase classname="qalegend.RoleModule" name="verifyAddRoleFunction" time="10.35"/>
  <testcase classname="qalegend.RoleModule" name="verifyEditRoleFunction" time="11.426"/>
  <testcase classname="qalegend.RoleModule" name="verifyUserIsAbleToDeleteRoleOnAcceptingConfirmationMessage" time="6.993"/>
  <testcase classname="qalegend.RoleModule" name="verifyUserIsNotAbleToDeleteRoleIfConfirmationMessageIsCancelled" time="5.636"/>
  <testcase classname="qalegend.RoleModule" name="verifyValidationMessageShownOnSearchingANonExistingRoleName" time="5.075"/>
  <testcase classname="qalegend.PaymentAccountModule" name="verifyAccountCanBeEditedSuccessfully" time="8.673"/>
  <testcase classname="qalegend.PaymentAccountModule" name="verifyBalanceIncreasesWithDeposits" time="12.682"/>
  <testcase classname="qalegend.PaymentAccountModule" name="verifyBalanceShownInPaymentAccountsPageIsCorrect" time="14.189"/>
  <testcase classname="qalegend.PaymentAccountModule" name="verifyClosedAccountsAreNotDisplayedForFundTransferTOAccountDropdown" time="10.86"/>
  <testcase classname="qalegend.PaymentAccountModule" name="verifyUserIsAbleToAddAccountSuccessfully" time="6.399"/>
  <testcase classname="qalegend.PaymentAccountModule" name="verifyUserIsAbleToCloseAccountOnAcceptingConfirmationPopUp" time="8.85"/>
  <testcase classname="qalegend.PaymentAccountModule" name="verifyUserIsAbleToTransferFundSuccessfully" time="9.451"/>
  <testcase classname="qalegend.PaymentAccountModule" name="verifyUserIsNotAbleToCloseAccountOnCancellingConfirmationPopUp" time="11.21"/>
</testsuite> <!-- AutomationTests -->
