<?xml version="1.0" encoding="UTF-8"?>
<!-- Generated by org.testng.reporters.JUnitXMLReporter -->
<testsuite ignored="6" hostname="LAPTOP-GKHRCD72" failures="0" tests="1" name="AutomationTests" time="15.164" errors="0" timestamp="2023-06-20T20:50:42 IST">
  <testcase classname="qalegend.TaxRateModule" name="verifyUserIsAbleToAddTaxGroupSuccessfully" time="7.43"/>
  <testcase classname="qalegend.TaxRateModule" name="verifyUserIsUnableToAddTaxRateOnLeavingNameFieldBlank" time="0.0">
    <ignored/>
  </testcase> <!-- verifyUserIsUnableToAddTaxRateOnLeavingNameFieldBlank -->
  <testcase classname="qalegend.TaxRateModule" name="verifyUserIsAbleToDeleteTaxRateSuccessfully" time="0.0">
    <ignored/>
  </testcase> <!-- verifyUserIsAbleToDeleteTaxRateSuccessfully -->
  <testcase classname="qalegend.TaxRateModule" name="verifyUserIsAbleToEditTaxRateSuccessfully" time="0.0">
    <ignored/>
  </testcase> <!-- verifyUserIsAbleToEditTaxRateSuccessfully -->
  <testcase classname="qalegend.TaxRateModule" name="verifyUserIsUnableToAddTaxRateOnLeavingTaxRateFieldBlank" time="0.0">
    <ignored/>
  </testcase> <!-- verifyUserIsUnableToAddTaxRateOnLeavingTaxRateFieldBlank -->
  <testcase classname="qalegend.TaxRateModule" name="verifyTaxRateCreationOnEnteringValidData" time="0.0">
    <ignored/>
  </testcase> <!-- verifyTaxRateCreationOnEnteringValidData -->
  <testcase classname="qalegend.TaxRateModule" name="verifyTaxRateUsedInTaxGroupCannotBeDeleted" time="0.0">
    <ignored/>
  </testcase> <!-- verifyTaxRateUsedInTaxGroupCannotBeDeleted -->
</testsuite> <!-- AutomationTests -->
