<?xml version="1.0" encoding="UTF-8"?>
<!-- Generated by org.testng.reporters.JUnitXMLReporter -->
<testsuite ignored="0" hostname="LAPTOP-GKHRCD72" failures="0" tests="30" name="AutomationTests" time="406.314" errors="0" timestamp="2023-06-13T20:44:10 IST">
  <testcase classname="qalegend.LoginTestCase" name="verifyLoginWithValidUsernameAndInvalidPassword" time="1.248"/>
  <testcase classname="qalegend.LoginTestCase" name="verifyLoginWithValidUsernameAndValidPassword" time="4.199"/>
  <testcase classname="qalegend.UserManagementModule" name="verifyEditUserFunction" time="10.21"/>
  <testcase classname="qalegend.UserManagementModule" name="verifyInactiveUserCase" time="14.402"/>
  <testcase classname="qalegend.UserManagementModule" name="verifySearchUserFunctionality" time="6.321"/>
  <testcase classname="qalegend.UserManagementModule" name="verifyUserCreationWithValidData" time="10.756"/>
  <testcase classname="qalegend.UserManagementModule" name="verifyUserDeletedOnAcceptingConfirmationMessage" time="7.887"/>
  <testcase classname="qalegend.UserManagementModule" name="verifyUserNotDeletedOnClickingCancelOfConfirmationMessage" time="6.698"/>
  <testcase classname="qalegend.UserManagementModule" name="verifyViewUserFunctionality" time="8.246"/>
  <testcase classname="qalegend.UserManagementModule" name="verifyErrorMessageOnEnteringExistingUsernameInUserCreationPage" time="8.6"/>
  <testcase classname="qalegend.TaxRateModule" name="verifyTaxRateCreationOnEnteringValidData" time="5.774"/>
  <testcase classname="qalegend.TaxRateModule" name="verifyTaxRateUsedInTaxGroupCannotBeDeleted" time="6.434"/>
  <testcase classname="qalegend.TaxRateModule" name="verifyUserIsAbleToAddTaxGroupSuccessfully" time="6.697"/>
  <testcase classname="qalegend.TaxRateModule" name="verifyUserIsAbleToDeleteTaxRateSuccessfully" time="5.832"/>
  <testcase classname="qalegend.TaxRateModule" name="verifyUserIsAbleToEditTaxRateSuccessfully" time="6.109"/>
  <testcase classname="qalegend.TaxRateModule" name="verifyUserIsUnableToAddTaxRateOnLeavingNameFieldBlank" time="5.779"/>
  <testcase classname="qalegend.TaxRateModule" name="verifyUserIsUnableToAddTaxRateOnLeavingTaxRateFieldBlank" time="5.667"/>
  <testcase classname="qalegend.RoleModule" name="verifyAddRoleFunction" time="9.986"/>
  <testcase classname="qalegend.RoleModule" name="verifyEditRoleFunction" time="10.414"/>
  <testcase classname="qalegend.RoleModule" name="verifyUserIsAbleToDeleteRoleOnAcceptingConfirmationMessage" time="5.269"/>
  <testcase classname="qalegend.RoleModule" name="verifyUserIsNotAbleToDeleteRoleIfConfirmationMessageIsCancelled" time="5.729"/>
  <testcase classname="qalegend.RoleModule" name="verifyValidationMessageShownOnSearchingANonExistingRoleName" time="5.201"/>
  <testcase classname="qalegend.PaymentAccountModule" name="verifyAccountCanBeEditedSuccessfully" time="8.796"/>
  <testcase classname="qalegend.PaymentAccountModule" name="verifyBalanceIncreasesWithDeposits" time="12.341"/>
  <testcase classname="qalegend.PaymentAccountModule" name="verifyBalanceShownInPaymentAccountsPageIsCorrect" time="13.993"/>
  <testcase classname="qalegend.PaymentAccountModule" name="verifyClosedAccountsAreNotDisplayedForFundTransferTOAccountDropdown" time="10.81"/>
  <testcase classname="qalegend.PaymentAccountModule" name="verifyUserIsAbleToAddAccountSuccessfully" time="5.158"/>
  <testcase classname="qalegend.PaymentAccountModule" name="verifyUserIsAbleToCloseAccountOnAcceptingConfirmationPopUp" time="8.659"/>
  <testcase classname="qalegend.PaymentAccountModule" name="verifyUserIsAbleToTransferFundSuccessfully" time="9.601"/>
  <testcase classname="qalegend.PaymentAccountModule" name="verifyUserIsNotAbleToCloseAccountOnCancellingConfirmationPopUp" time="11.437"/>
</testsuite> <!-- AutomationTests -->
