<?xml version="1.0" encoding="UTF-8"?>
<!-- Generated by org.testng.reporters.JUnitXMLReporter -->
<testsuite ignored="7" hostname="LAPTOP-GKHRCD72" failures="1" tests="1" name="AutomationTests" time="51.041" errors="0" timestamp="2023-06-17T16:22:18 IST">
  <testcase classname="qalegend.UserManagementModule" name="verifyUserNotDeletedOnClickingCancelOfConfirmationMessage" time="37.86">
    <failure type="org.openqa.selenium.TimeoutException" message="Expected condition failed: waiting for alert to be present (tried for 30 second(s) with 500 milliseconds interval)
Build info: version: &amp;apos;4.8.0&amp;apos;, revision: &amp;apos;267030adea&amp;apos;
System info: os.name: &amp;apos;Windows 11&amp;apos;, os.arch: &amp;apos;amd64&amp;apos;, os.version: &amp;apos;10.0&amp;apos;, java.version: &amp;apos;11.0.18&amp;apos;
Driver info: org.openqa.selenium.chrome.ChromeDriver
Capabilities {acceptInsecureCerts: false, browserName: chrome, browserVersion: 114.0.5735.134, chrome: {chromedriverVersion: 114.0.5735.90 (386bc09e8f4f..., userDataDir: C:\Users\arath\AppData\Loca...}, goog:chromeOptions: {debuggerAddress: localhost:60957}, networkConnectionEnabled: false, pageLoadStrategy: normal, platformName: WINDOWS, proxy: Proxy(), se:cdp: ws://localhost:60957/devtoo..., se:cdpVersion: 114.0.5735.134, setWindowRect: true, strictFileInteractability: false, timeouts: {implicit: 0, pageLoad: 300000, script: 30000}, unhandledPromptBehavior: dismiss and notify, webauthn:extension:credBlob: true, webauthn:extension:largeBlob: true, webauthn:extension:minPinLength: true, webauthn:extension:prf: true, webauthn:virtualAuthenticators: true}
Session ID: 3a00948d3bad86fab5cf6d8d54a5074e">
      <![CDATA[org.openqa.selenium.TimeoutException: Expected condition failed: waiting for alert to be present (tried for 30 second(s) with 500 milliseconds interval)
Build info: version: '4.8.0', revision: '267030adea'
System info: os.name: 'Windows 11', os.arch: 'amd64', os.version: '10.0', java.version: '11.0.18'
Driver info: org.openqa.selenium.chrome.ChromeDriver
Capabilities {acceptInsecureCerts: false, browserName: chrome, browserVersion: 114.0.5735.134, chrome: {chromedriverVersion: 114.0.5735.90 (386bc09e8f4f..., userDataDir: C:\Users\arath\AppData\Loca...}, goog:chromeOptions: {debuggerAddress: localhost:60957}, networkConnectionEnabled: false, pageLoadStrategy: normal, platformName: WINDOWS, proxy: Proxy(), se:cdp: ws://localhost:60957/devtoo..., se:cdpVersion: 114.0.5735.134, setWindowRect: true, strictFileInteractability: false, timeouts: {implicit: 0, pageLoad: 300000, script: 30000}, unhandledPromptBehavior: dismiss and notify, webauthn:extension:credBlob: true, webauthn:extension:largeBlob: true, webauthn:extension:minPinLength: true, webauthn:extension:prf: true, webauthn:virtualAuthenticators: true}
Session ID: 3a00948d3bad86fab5cf6d8d54a5074e
at org.openqa.selenium.support.ui.WebDriverWait.timeoutException(WebDriverWait.java:87)
at org.openqa.selenium.support.ui.FluentWait.until(FluentWait.java:231)
at pages.UserPage.cancelDeleteRequest(UserPage.java:110)
at qalegend.UserManagementModule.verifyUserNotDeletedOnClickingCancelOfConfirmationMessage(UserManagementModule.java:97)
at java.base/java.util.ArrayList.forEach(ArrayList.java:1541)
... Removed 27 stack frames]]>
    </failure>
  </testcase> <!-- verifyUserNotDeletedOnClickingCancelOfConfirmationMessage -->
  <testcase classname="qalegend.UserManagementModule" name="verifyErrorMessageOnEnteringExistingUsernameInUserCreationPage" time="0.0">
    <ignored/>
  </testcase> <!-- verifyErrorMessageOnEnteringExistingUsernameInUserCreationPage -->
  <testcase classname="qalegend.UserManagementModule" name="verifyInactiveUserCase" time="0.0">
    <ignored/>
  </testcase> <!-- verifyInactiveUserCase -->
  <testcase classname="qalegend.UserManagementModule" name="verifyUserCreationWithValidData" time="0.0">
    <ignored/>
  </testcase> <!-- verifyUserCreationWithValidData -->
  <testcase classname="qalegend.UserManagementModule" name="verifySearchUserFunctionality" time="0.0">
    <ignored/>
  </testcase> <!-- verifySearchUserFunctionality -->
  <testcase classname="qalegend.UserManagementModule" name="verifyUserDeletedOnAcceptingConfirmationMessage" time="0.0">
    <ignored/>
  </testcase> <!-- verifyUserDeletedOnAcceptingConfirmationMessage -->
  <testcase classname="qalegend.UserManagementModule" name="verifyEditUserFunction" time="0.0">
    <ignored/>
  </testcase> <!-- verifyEditUserFunction -->
  <testcase classname="qalegend.UserManagementModule" name="verifyViewUserFunctionality" time="0.0">
    <ignored/>
  </testcase> <!-- verifyViewUserFunctionality -->
</testsuite> <!-- AutomationTests -->
