<?xml version="1.0" encoding="UTF-8"?>
<!-- Generated by org.testng.reporters.JUnitXMLReporter -->
<testsuite ignored="8" hostname="LAPTOP-GKHRCD72" failures="0" tests="2" name="testdemo" time="17.213" errors="0" timestamp="2023-06-17T15:20:40 IST">
  <testcase classname="qalegend.LoginTestCase" name="verifyLoginWithValidUsernameAndInvalidPassword" time="1.315"/>
  <testcase classname="qalegend.UserManagementModule" name="verifyViewUserFunctionality" time="8.374"/>
  <testcase classname="qalegend.UserManagementModule" name="verifyUserDeletedOnAcceptingConfirmationMessage" time="0.0">
    <ignored/>
  </testcase> <!-- verifyUserDeletedOnAcceptingConfirmationMessage -->
  <testcase classname="qalegend.LoginTestCase" name="verifyLoginWithValidUsernameAndValidPassword" time="0.0">
    <ignored/>
  </testcase> <!-- verifyLoginWithValidUsernameAndValidPassword -->
  <testcase classname="qalegend.UserManagementModule" name="verifySearchUserFunctionality" time="0.0">
    <ignored/>
  </testcase> <!-- verifySearchUserFunctionality -->
  <testcase classname="qalegend.UserManagementModule" name="verifyEditUserFunction" time="0.0">
    <ignored/>
  </testcase> <!-- verifyEditUserFunction -->
  <testcase classname="qalegend.UserManagementModule" name="verifyErrorMessageOnEnteringExistingUsernameInUserCreationPage" time="0.0">
    <ignored/>
  </testcase> <!-- verifyErrorMessageOnEnteringExistingUsernameInUserCreationPage -->
  <testcase classname="qalegend.UserManagementModule" name="verifyUserNotDeletedOnClickingCancelOfConfirmationMessage" time="0.0">
    <ignored/>
  </testcase> <!-- verifyUserNotDeletedOnClickingCancelOfConfirmationMessage -->
  <testcase classname="qalegend.UserManagementModule" name="verifyUserCreationWithValidData" time="0.0">
    <ignored/>
  </testcase> <!-- verifyUserCreationWithValidData -->
  <testcase classname="qalegend.UserManagementModule" name="verifyInactiveUserCase" time="0.0">
    <ignored/>
  </testcase> <!-- verifyInactiveUserCase -->
</testsuite> <!-- testdemo -->
