<?xml version="1.0" encoding="UTF-8"?>
<!-- Generated by org.testng.reporters.JUnitXMLReporter -->
<testsuite ignored="0" hostname="LAPTOP-GKHRCD72" failures="0" tests="2" name="Test1" time="18.222" errors="0" timestamp="2023-06-01T22:20:52 IST">
  <testcase classname="qalegend.LoginTestCase" name="verifyLoginWithValidUsernameAndInvalidPassword" time="1.091"/>
  <testcase classname="qalegend.LoginTestCase" name="verifyLoginWithValidUsernameAndValidPassword" time="5.374"/>
</testsuite> <!-- Test1 -->
