<?xml version="1.0" encoding="UTF-8"?>
<!-- Generated by org.testng.reporters.JUnitXMLReporter -->
<testsuite ignored="7" hostname="LAPTOP-GKHRCD72" failures="0" tests="1" name="testdemo3" time="15.656" errors="0" timestamp="2023-05-30T08:27:32 IST">
  <testcase classname="qalegend.UserManagementModule" name="verifyUserCreationWithValidData" time="11.761"/>
  <testcase classname="qalegend.UserManagementModule" name="verifySearchUserFunctionality" time="0.0">
    <ignored/>
  </testcase> <!-- verifySearchUserFunctionality -->
  <testcase classname="qalegend.UserManagementModule" name="verifyViewUserFunctionality" time="0.0">
    <ignored/>
  </testcase> <!-- verifyViewUserFunctionality -->
  <testcase classname="qalegend.UserManagementModule" name="verifyEditUserFunction" time="0.0">
    <ignored/>
  </testcase> <!-- verifyEditUserFunction -->
  <testcase classname="qalegend.UserManagementModule" name="verifyInactiveUserCase" time="0.0">
    <ignored/>
  </testcase> <!-- verifyInactiveUserCase -->
  <testcase classname="qalegend.UserManagementModule" name="verifyUserNotDeletedOnClickingCancelOfConfirmationMessage" time="0.0">
    <ignored/>
  </testcase> <!-- verifyUserNotDeletedOnClickingCancelOfConfirmationMessage -->
  <testcase classname="qalegend.UserManagementModule" name="verifyUserDeletedOnAcceptingConfirmationMessage" time="0.0">
    <ignored/>
  </testcase> <!-- verifyUserDeletedOnAcceptingConfirmationMessage -->
  <testcase classname="qalegend.UserManagementModule" name="verifyErrorMessageOnEnteringExistingUsernameInUserCreationPage" time="0.0">
    <ignored/>
  </testcase> <!-- verifyErrorMessageOnEnteringExistingUsernameInUserCreationPage -->
</testsuite> <!-- testdemo3 -->
