<?xml version="1.0" encoding="UTF-8"?>
<!-- Generated by org.testng.reporters.JUnitXMLReporter -->
<testsuite ignored="3" hostname="LAPTOP-GKHRCD72" failures="0" tests="1" name="fireTest" time="35.96" errors="0" timestamp="2023-03-17T07:45:58 IST">
  <testcase classname="qalegend.UserManagementModule" name="verifyViewUserFunctionality" time="14.095"/>
  <testcase classname="qalegend.UserManagementModule" name="verifySearchUserFunctionality" time="0.0">
    <ignored/>
  </testcase> <!-- verifySearchUserFunctionality -->
  <testcase classname="qalegend.UserManagementModule" name="verifyErrorMessageOnEnteringExistingUsernameInUserCreationPage" time="0.0">
    <ignored/>
  </testcase> <!-- verifyErrorMessageOnEnteringExistingUsernameInUserCreationPage -->
  <testcase classname="qalegend.UserManagementModule" name="verifyUserCreationWithValidData" time="0.0">
    <ignored/>
  </testcase> <!-- verifyUserCreationWithValidData -->
</testsuite> <!-- fireTest -->
