<?xml version="1.0" encoding="UTF-8"?>
<!-- Generated by org.testng.reporters.JUnitXMLReporter -->
<testsuite ignored="8" hostname="LAPTOP-GKHRCD72" failures="0" tests="2" name="Test" time="32.034" errors="0" timestamp="2023-05-30T08:15:12 IST">
  <testcase classname="qalegend.LoginTestCase" name="verifyLoginWithValidUsernameAndValidPassword" time="3.46"/>
  <testcase classname="qalegend.UserManagementModule" name="verifyUserCreationWithValidData" time="10.527"/>
  <testcase classname="qalegend.UserManagementModule" name="verifyViewUserFunctionality" time="0.0">
    <ignored/>
  </testcase> <!-- verifyViewUserFunctionality -->
  <testcase classname="qalegend.UserManagementModule" name="verifyUserDeletedOnAcceptingConfirmationMessage" time="0.0">
    <ignored/>
  </testcase> <!-- verifyUserDeletedOnAcceptingConfirmationMessage -->
  <testcase classname="qalegend.UserManagementModule" name="verifySearchUserFunctionality" time="0.0">
    <ignored/>
  </testcase> <!-- verifySearchUserFunctionality -->
  <testcase classname="qalegend.UserManagementModule" name="verifyEditUserFunction" time="0.0">
    <ignored/>
  </testcase> <!-- verifyEditUserFunction -->
  <testcase classname="qalegend.LoginTestCase" name="verifyLoginWithValidUsernameAndInvalidPassword" time="0.0">
    <ignored/>
  </testcase> <!-- verifyLoginWithValidUsernameAndInvalidPassword -->
  <testcase classname="qalegend.UserManagementModule" name="verifyErrorMessageOnEnteringExistingUsernameInUserCreationPage" time="0.0">
    <ignored/>
  </testcase> <!-- verifyErrorMessageOnEnteringExistingUsernameInUserCreationPage -->
  <testcase classname="qalegend.UserManagementModule" name="verifyUserNotDeletedOnClickingCancelOfConfirmationMessage" time="0.0">
    <ignored/>
  </testcase> <!-- verifyUserNotDeletedOnClickingCancelOfConfirmationMessage -->
  <testcase classname="qalegend.UserManagementModule" name="verifyInactiveUserCase" time="0.0">
    <ignored/>
  </testcase> <!-- verifyInactiveUserCase -->
</testsuite> <!-- Test -->
