<?xml version="1.0" encoding="UTF-8"?>
<testng-results ignored="0" total="30" passed="30" failed="0" skipped="0">
  <reporter-output>
  </reporter-output>
  <suite started-at="2023-05-11T20:50:16 IST" name="demo" finished-at="2023-05-11T20:59:23 IST" duration-ms="547600">
    <groups>
      <group name="regression">
        <method signature="UserManagementModule.verifySearchUserFunctionality(java.lang.String,java.lang.String,java.lang.String)[pri:0, instance:qalegend.UserManagementModule@17d919b6]" name="verifySearchUserFunctionality" class="qalegend.UserManagementModule"/>
        <method signature="UserManagementModule.verifyUserNotDeletedOnClickingCancelOfConfirmationMessage(java.lang.String,java.lang.String,java.lang.String)[pri:0, instance:qalegend.UserManagementModule@17d919b6]" name="verifyUserNotDeletedOnClickingCancelOfConfirmationMessage" class="qalegend.UserManagementModule"/>
        <method signature="UserManagementModule.verifyViewUserFunctionality(java.lang.String,java.lang.String,java.lang.String)[pri:0, instance:qalegend.UserManagementModule@17d919b6]" name="verifyViewUserFunctionality" class="qalegend.UserManagementModule"/>
      </group> <!-- regression -->
      <group name="smokeTest">
        <method signature="LoginTestCase.verifyLoginWithValidUsernameAndValidPassword(java.lang.String,java.lang.String)[pri:0, instance:qalegend.LoginTestCase@1cf6d1be]" name="verifyLoginWithValidUsernameAndValidPassword" class="qalegend.LoginTestCase"/>
      </group> <!-- smokeTest -->
      <group name="sanityTest">
        <method signature="LoginTestCase.verifyLoginWithValidUsernameAndInvalidPassword(java.lang.String,java.lang.String)[pri:0, instance:qalegend.LoginTestCase@1cf6d1be]" name="verifyLoginWithValidUsernameAndInvalidPassword" class="qalegend.LoginTestCase"/>
        <method signature="LoginTestCase.verifyLoginWithValidUsernameAndValidPassword(java.lang.String,java.lang.String)[pri:0, instance:qalegend.LoginTestCase@1cf6d1be]" name="verifyLoginWithValidUsernameAndValidPassword" class="qalegend.LoginTestCase"/>
        <method signature="UserManagementModule.verifyUserCreationWithValidData(java.lang.String,java.lang.String,java.lang.String)[pri:0, instance:qalegend.UserManagementModule@17d919b6]" name="verifyUserCreationWithValidData" class="qalegend.UserManagementModule"/>
      </group> <!-- sanityTest -->
    </groups>
    <test started-at="2023-05-11T20:50:16 IST" name="Test1" finished-at="2023-05-11T20:59:23 IST" duration-ms="547600">
      <class name="qalegend.PaymentAccountModule">
        <test-method is-config="true" signature="urlLaunch(java.lang.String)[pri:0, instance:qalegend.PaymentAccountModule@34129c78]" started-at="2023-05-11T20:54:54 IST" name="urlLaunch" finished-at="2023-05-11T20:55:02 IST" duration-ms="8307" status="PASS">
          <params>
            <param index="0">
              <value>
                <![CDATA[chrome]]>
              </value>
            </param>
          </params>
          <reporter-output>
          </reporter-output>
        </test-method> <!-- urlLaunch -->
        <test-method signature="verifyAccountCanBeEditedSuccessfully(java.lang.String,java.lang.String,java.lang.String,java.lang.String)[pri:0, instance:qalegend.PaymentAccountModule@34129c78]" started-at="2023-05-11T20:55:02 IST" name="verifyAccountCanBeEditedSuccessfully" data-provider="testCase27" finished-at="2023-05-11T20:55:13 IST" duration-ms="10588" status="PASS">
          <params>
            <param index="0">
              <value>
                <![CDATA[admin]]>
              </value>
            </param>
            <param index="1">
              <value>
                <![CDATA[123456]]>
              </value>
            </param>
            <param index="2">
              <value>
                <![CDATA[195]]>
              </value>
            </param>
            <param index="3">
              <value>
                <![CDATA[195edit]]>
              </value>
            </param>
          </params>
          <reporter-output>
          </reporter-output>
        </test-method> <!-- verifyAccountCanBeEditedSuccessfully -->
        <test-method is-config="true" signature="tearDown(org.testng.ITestResult)[pri:0, instance:qalegend.PaymentAccountModule@34129c78]" started-at="2023-05-11T20:55:13 IST" name="tearDown" finished-at="2023-05-11T20:55:13 IST" duration-ms="129" status="PASS">
          <params>
            <param index="0">
              <value>
                <![CDATA[[TestResult name=verifyAccountCanBeEditedSuccessfully status=SUCCESS method=PaymentAccountModule.verifyAccountCanBeEditedSuccessfully(java.lang.String,java.lang.String,java.lang.String,java.lang.String)[pri:0, instance:qalegend.PaymentAccountModule@34129c78] output={null}]]]>
              </value>
            </param>
          </params>
          <reporter-output>
          </reporter-output>
        </test-method> <!-- tearDown -->
        <test-method is-config="true" signature="urlLaunch(java.lang.String)[pri:0, instance:qalegend.PaymentAccountModule@34129c78]" started-at="2023-05-11T20:55:13 IST" name="urlLaunch" finished-at="2023-05-11T20:55:21 IST" duration-ms="8346" status="PASS">
          <params>
            <param index="0">
              <value>
                <![CDATA[chrome]]>
              </value>
            </param>
          </params>
          <reporter-output>
          </reporter-output>
        </test-method> <!-- urlLaunch -->
        <test-method signature="verifyBalanceIncreasesWithDeposits(java.lang.String,java.lang.String,java.lang.String,java.lang.String,java.lang.String,java.lang.String,java.lang.String)[pri:0, instance:qalegend.PaymentAccountModule@34129c78]" started-at="2023-05-11T20:55:21 IST" name="verifyBalanceIncreasesWithDeposits" data-provider="testCase26" finished-at="2023-05-11T20:55:35 IST" duration-ms="13660" status="PASS">
          <params>
            <param index="0">
              <value>
                <![CDATA[admin]]>
              </value>
            </param>
            <param index="1">
              <value>
                <![CDATA[123456]]>
              </value>
            </param>
            <param index="2">
              <value>
                <![CDATA[depositcheck]]>
              </value>
            </param>
            <param index="3">
              <value>
                <![CDATA[100]]>
              </value>
            </param>
            <param index="4">
              <value>
                <![CDATA[transfercheck]]>
              </value>
            </param>
            <param index="5">
              <value>
                <![CDATA[04/04/2023]]>
              </value>
            </param>
            <param index="6">
              <value>
                <![CDATA[2700]]>
              </value>
            </param>
          </params>
          <reporter-output>
          </reporter-output>
        </test-method> <!-- verifyBalanceIncreasesWithDeposits -->
        <test-method is-config="true" signature="tearDown(org.testng.ITestResult)[pri:0, instance:qalegend.PaymentAccountModule@34129c78]" started-at="2023-05-11T20:55:35 IST" name="tearDown" finished-at="2023-05-11T20:55:35 IST" duration-ms="233" status="PASS">
          <params>
            <param index="0">
              <value>
                <![CDATA[[TestResult name=verifyBalanceIncreasesWithDeposits status=SUCCESS method=PaymentAccountModule.verifyBalanceIncreasesWithDeposits(java.lang.String,java.lang.String,java.lang.String,java.lang.String,java.lang.String,java.lang.String,java.lang.String)[pri:0, instance:qalegend.PaymentAccountModule@34129c78] output={null}]]]>
              </value>
            </param>
          </params>
          <reporter-output>
          </reporter-output>
        </test-method> <!-- tearDown -->
        <test-method is-config="true" signature="urlLaunch(java.lang.String)[pri:0, instance:qalegend.PaymentAccountModule@34129c78]" started-at="2023-05-11T20:55:35 IST" name="urlLaunch" finished-at="2023-05-11T20:55:42 IST" duration-ms="6243" status="PASS">
          <params>
            <param index="0">
              <value>
                <![CDATA[chrome]]>
              </value>
            </param>
          </params>
          <reporter-output>
          </reporter-output>
        </test-method> <!-- urlLaunch -->
        <test-method signature="verifyBalanceShownInPaymentAccountsPageIsCorrect(java.lang.String,java.lang.String,java.lang.String,java.lang.String,java.lang.String,java.lang.String,java.lang.String,java.lang.String,java.lang.String,java.lang.String)[pri:0, instance:qalegend.PaymentAccountModule@34129c78]" started-at="2023-05-11T20:55:42 IST" name="verifyBalanceShownInPaymentAccountsPageIsCorrect" data-provider="testcase25" finished-at="2023-05-11T20:55:58 IST" duration-ms="16277" status="PASS">
          <params>
            <param index="0">
              <value>
                <![CDATA[admin]]>
              </value>
            </param>
            <param index="1">
              <value>
                <![CDATA[123456]]>
              </value>
            </param>
            <param index="2">
              <value>
                <![CDATA[GirlEducation1]]>
              </value>
            </param>
            <param index="3">
              <value>
                <![CDATA[22447788]]>
              </value>
            </param>
            <param index="4">
              <value>
                <![CDATA[2000]]>
              </value>
            </param>
            <param index="5">
              <value>
                <![CDATA[GirlEducation1]]>
              </value>
            </param>
            <param index="6">
              <value>
                <![CDATA[CheckNewProj]]>
              </value>
            </param>
            <param index="7">
              <value>
                <![CDATA[100]]>
              </value>
            </param>
            <param index="8">
              <value>
                <![CDATA[05/11/2022]]>
              </value>
            </param>
            <param index="9">
              <value>
                <![CDATA[1900]]>
              </value>
            </param>
          </params>
          <reporter-output>
          </reporter-output>
        </test-method> <!-- verifyBalanceShownInPaymentAccountsPageIsCorrect -->
        <test-method is-config="true" signature="tearDown(org.testng.ITestResult)[pri:0, instance:qalegend.PaymentAccountModule@34129c78]" started-at="2023-05-11T20:55:58 IST" name="tearDown" finished-at="2023-05-11T20:55:58 IST" duration-ms="189" status="PASS">
          <params>
            <param index="0">
              <value>
                <![CDATA[[TestResult name=verifyBalanceShownInPaymentAccountsPageIsCorrect status=SUCCESS method=PaymentAccountModule.verifyBalanceShownInPaymentAccountsPageIsCorrect(java.lang.String,java.lang.String,java.lang.String,java.lang.String,java.lang.String,java.lang.String,java.lang.String,java.lang.String,java.lang.String,java.lang.String)[pri:0, instance:qalegend.PaymentAccountModule@34129c78] output={null}]]]>
              </value>
            </param>
          </params>
          <reporter-output>
          </reporter-output>
        </test-method> <!-- tearDown -->
        <test-method is-config="true" signature="urlLaunch(java.lang.String)[pri:0, instance:qalegend.PaymentAccountModule@34129c78]" started-at="2023-05-11T20:55:58 IST" name="urlLaunch" finished-at="2023-05-11T20:56:07 IST" duration-ms="8480" status="PASS">
          <params>
            <param index="0">
              <value>
                <![CDATA[chrome]]>
              </value>
            </param>
          </params>
          <reporter-output>
          </reporter-output>
        </test-method> <!-- urlLaunch -->
        <test-method signature="verifyClosedAccountsAreNotDisplayedForFundTransferTOAccountDropdown(java.lang.String,java.lang.String,java.lang.String,java.lang.String)[pri:0, instance:qalegend.PaymentAccountModule@34129c78]" started-at="2023-05-11T20:56:07 IST" name="verifyClosedAccountsAreNotDisplayedForFundTransferTOAccountDropdown" data-provider="testCase30" finished-at="2023-05-11T20:56:20 IST" duration-ms="13601" status="PASS">
          <params>
            <param index="0">
              <value>
                <![CDATA[admin]]>
              </value>
            </param>
            <param index="1">
              <value>
                <![CDATA[123456]]>
              </value>
            </param>
            <param index="2">
              <value>
                <![CDATA[Oberon]]>
              </value>
            </param>
            <param index="3">
              <value>
                <![CDATA[Unique Close Account]]>
              </value>
            </param>
          </params>
          <reporter-output>
          </reporter-output>
        </test-method> <!-- verifyClosedAccountsAreNotDisplayedForFundTransferTOAccountDropdown -->
        <test-method is-config="true" signature="tearDown(org.testng.ITestResult)[pri:0, instance:qalegend.PaymentAccountModule@34129c78]" started-at="2023-05-11T20:56:20 IST" name="tearDown" finished-at="2023-05-11T20:56:20 IST" duration-ms="154" status="PASS">
          <params>
            <param index="0">
              <value>
                <![CDATA[[TestResult name=verifyClosedAccountsAreNotDisplayedForFundTransferTOAccountDropdown status=SUCCESS method=PaymentAccountModule.verifyClosedAccountsAreNotDisplayedForFundTransferTOAccountDropdown(java.lang.String,java.lang.String,java.lang.String,java.lang.String)[pri:0, instance:qalegend.PaymentAccountModule@34129c78] output={null}]]]>
              </value>
            </param>
          </params>
          <reporter-output>
          </reporter-output>
        </test-method> <!-- tearDown -->
        <test-method is-config="true" signature="urlLaunch(java.lang.String)[pri:0, instance:qalegend.PaymentAccountModule@34129c78]" started-at="2023-05-11T20:56:20 IST" name="urlLaunch" finished-at="2023-05-11T20:56:29 IST" duration-ms="9042" status="PASS">
          <params>
            <param index="0">
              <value>
                <![CDATA[chrome]]>
              </value>
            </param>
          </params>
          <reporter-output>
          </reporter-output>
        </test-method> <!-- urlLaunch -->
        <test-method signature="verifyUserIsAbleToAddAccountSuccessfully(java.lang.String,java.lang.String,java.lang.String,java.lang.String,java.lang.String)[pri:0, instance:qalegend.PaymentAccountModule@34129c78]" started-at="2023-05-11T20:56:29 IST" name="verifyUserIsAbleToAddAccountSuccessfully" data-provider="testcase23" finished-at="2023-05-11T20:56:36 IST" duration-ms="6318" status="PASS">
          <params>
            <param index="0">
              <value>
                <![CDATA[admin]]>
              </value>
            </param>
            <param index="1">
              <value>
                <![CDATA[123456]]>
              </value>
            </param>
            <param index="2">
              <value>
                <![CDATA[FirstCry1]]>
              </value>
            </param>
            <param index="3">
              <value>
                <![CDATA[141574157]]>
              </value>
            </param>
            <param index="4">
              <value>
                <![CDATA[5000]]>
              </value>
            </param>
          </params>
          <reporter-output>
          </reporter-output>
        </test-method> <!-- verifyUserIsAbleToAddAccountSuccessfully -->
        <test-method is-config="true" signature="tearDown(org.testng.ITestResult)[pri:0, instance:qalegend.PaymentAccountModule@34129c78]" started-at="2023-05-11T20:56:36 IST" name="tearDown" finished-at="2023-05-11T20:56:36 IST" duration-ms="129" status="PASS">
          <params>
            <param index="0">
              <value>
                <![CDATA[[TestResult name=verifyUserIsAbleToAddAccountSuccessfully status=SUCCESS method=PaymentAccountModule.verifyUserIsAbleToAddAccountSuccessfully(java.lang.String,java.lang.String,java.lang.String,java.lang.String,java.lang.String)[pri:0, instance:qalegend.PaymentAccountModule@34129c78] output={null}]]]>
              </value>
            </param>
          </params>
          <reporter-output>
          </reporter-output>
        </test-method> <!-- tearDown -->
        <test-method is-config="true" signature="urlLaunch(java.lang.String)[pri:0, instance:qalegend.PaymentAccountModule@34129c78]" started-at="2023-05-11T20:56:36 IST" name="urlLaunch" finished-at="2023-05-11T20:56:44 IST" duration-ms="7917" status="PASS">
          <params>
            <param index="0">
              <value>
                <![CDATA[chrome]]>
              </value>
            </param>
          </params>
          <reporter-output>
          </reporter-output>
        </test-method> <!-- urlLaunch -->
        <test-method signature="verifyUserIsAbleToCloseAccountOnAcceptingConfirmationPopUp(java.lang.String,java.lang.String,java.lang.String)[pri:0, instance:qalegend.PaymentAccountModule@34129c78]" started-at="2023-05-11T20:56:44 IST" name="verifyUserIsAbleToCloseAccountOnAcceptingConfirmationPopUp" data-provider="testCase29" finished-at="2023-05-11T20:56:53 IST" duration-ms="8735" status="PASS">
          <params>
            <param index="0">
              <value>
                <![CDATA[admin]]>
              </value>
            </param>
            <param index="1">
              <value>
                <![CDATA[123456]]>
              </value>
            </param>
            <param index="2">
              <value>
                <![CDATA[172]]>
              </value>
            </param>
          </params>
          <reporter-output>
          </reporter-output>
        </test-method> <!-- verifyUserIsAbleToCloseAccountOnAcceptingConfirmationPopUp -->
        <test-method is-config="true" signature="tearDown(org.testng.ITestResult)[pri:0, instance:qalegend.PaymentAccountModule@34129c78]" started-at="2023-05-11T20:56:53 IST" name="tearDown" finished-at="2023-05-11T20:56:53 IST" duration-ms="166" status="PASS">
          <params>
            <param index="0">
              <value>
                <![CDATA[[TestResult name=verifyUserIsAbleToCloseAccountOnAcceptingConfirmationPopUp status=SUCCESS method=PaymentAccountModule.verifyUserIsAbleToCloseAccountOnAcceptingConfirmationPopUp(java.lang.String,java.lang.String,java.lang.String)[pri:0, instance:qalegend.PaymentAccountModule@34129c78] output={null}]]]>
              </value>
            </param>
          </params>
          <reporter-output>
          </reporter-output>
        </test-method> <!-- tearDown -->
        <test-method is-config="true" signature="urlLaunch(java.lang.String)[pri:0, instance:qalegend.PaymentAccountModule@34129c78]" started-at="2023-05-11T20:56:53 IST" name="urlLaunch" finished-at="2023-05-11T20:57:01 IST" duration-ms="8263" status="PASS">
          <params>
            <param index="0">
              <value>
                <![CDATA[chrome]]>
              </value>
            </param>
          </params>
          <reporter-output>
          </reporter-output>
        </test-method> <!-- urlLaunch -->
        <test-method signature="verifyUserIsAbleToTransferFundSuccessfully(java.lang.String,java.lang.String,java.lang.String,java.lang.String,java.lang.String,java.lang.String)[pri:0, instance:qalegend.PaymentAccountModule@34129c78]" started-at="2023-05-11T20:57:01 IST" name="verifyUserIsAbleToTransferFundSuccessfully" data-provider="testcase24" finished-at="2023-05-11T20:57:12 IST" duration-ms="11216" status="PASS">
          <params>
            <param index="0">
              <value>
                <![CDATA[admin]]>
              </value>
            </param>
            <param index="1">
              <value>
                <![CDATA[123456]]>
              </value>
            </param>
            <param index="2">
              <value>
                <![CDATA[Trends]]>
              </value>
            </param>
            <param index="3">
              <value>
                <![CDATA[Reliance]]>
              </value>
            </param>
            <param index="4">
              <value>
                <![CDATA[100]]>
              </value>
            </param>
            <param index="5">
              <value>
                <![CDATA[15/04/2023]]>
              </value>
            </param>
          </params>
          <reporter-output>
          </reporter-output>
        </test-method> <!-- verifyUserIsAbleToTransferFundSuccessfully -->
        <test-method is-config="true" signature="tearDown(org.testng.ITestResult)[pri:0, instance:qalegend.PaymentAccountModule@34129c78]" started-at="2023-05-11T20:57:12 IST" name="tearDown" finished-at="2023-05-11T20:57:13 IST" duration-ms="196" status="PASS">
          <params>
            <param index="0">
              <value>
                <![CDATA[[TestResult name=verifyUserIsAbleToTransferFundSuccessfully status=SUCCESS method=PaymentAccountModule.verifyUserIsAbleToTransferFundSuccessfully(java.lang.String,java.lang.String,java.lang.String,java.lang.String,java.lang.String,java.lang.String)[pri:0, instance:qalegend.PaymentAccountModule@34129c78] output={null}]]]>
              </value>
            </param>
          </params>
          <reporter-output>
          </reporter-output>
        </test-method> <!-- tearDown -->
        <test-method is-config="true" signature="urlLaunch(java.lang.String)[pri:0, instance:qalegend.PaymentAccountModule@34129c78]" started-at="2023-05-11T20:57:13 IST" name="urlLaunch" finished-at="2023-05-11T20:57:22 IST" duration-ms="9115" status="PASS">
          <params>
            <param index="0">
              <value>
                <![CDATA[chrome]]>
              </value>
            </param>
          </params>
          <reporter-output>
          </reporter-output>
        </test-method> <!-- urlLaunch -->
        <test-method signature="verifyUserIsNotAbleToCloseAccountOnCancellingConfirmationPopUp(java.lang.String,java.lang.String,java.lang.String)[pri:0, instance:qalegend.PaymentAccountModule@34129c78]" started-at="2023-05-11T20:57:22 IST" name="verifyUserIsNotAbleToCloseAccountOnCancellingConfirmationPopUp" data-provider="testCase28" finished-at="2023-05-11T20:57:34 IST" duration-ms="12507" status="PASS">
          <params>
            <param index="0">
              <value>
                <![CDATA[admin]]>
              </value>
            </param>
            <param index="1">
              <value>
                <![CDATA[123456]]>
              </value>
            </param>
            <param index="2">
              <value>
                <![CDATA[NewJio]]>
              </value>
            </param>
          </params>
          <reporter-output>
          </reporter-output>
        </test-method> <!-- verifyUserIsNotAbleToCloseAccountOnCancellingConfirmationPopUp -->
        <test-method is-config="true" signature="tearDown(org.testng.ITestResult)[pri:0, instance:qalegend.PaymentAccountModule@34129c78]" started-at="2023-05-11T20:57:34 IST" name="tearDown" finished-at="2023-05-11T20:57:34 IST" duration-ms="213" status="PASS">
          <params>
            <param index="0">
              <value>
                <![CDATA[[TestResult name=verifyUserIsNotAbleToCloseAccountOnCancellingConfirmationPopUp status=SUCCESS method=PaymentAccountModule.verifyUserIsNotAbleToCloseAccountOnCancellingConfirmationPopUp(java.lang.String,java.lang.String,java.lang.String)[pri:0, instance:qalegend.PaymentAccountModule@34129c78] output={null}]]]>
              </value>
            </param>
          </params>
          <reporter-output>
          </reporter-output>
        </test-method> <!-- tearDown -->
      </class> <!-- qalegend.PaymentAccountModule -->
      <class name="qalegend.UserManagementModule">
        <test-method is-config="true" signature="urlLaunch(java.lang.String)[pri:0, instance:qalegend.UserManagementModule@17d919b6]" started-at="2023-05-11T20:50:46 IST" name="urlLaunch" finished-at="2023-05-11T20:50:55 IST" duration-ms="9136" status="PASS">
          <params>
            <param index="0">
              <value>
                <![CDATA[chrome]]>
              </value>
            </param>
          </params>
          <reporter-output>
          </reporter-output>
        </test-method> <!-- urlLaunch -->
        <test-method signature="verifyEditUserFunction(java.lang.String,java.lang.String,java.lang.String,java.lang.String)[pri:0, instance:qalegend.UserManagementModule@17d919b6]" started-at="2023-05-11T20:50:55 IST" name="verifyEditUserFunction" data-provider="editUserCase" finished-at="2023-05-11T20:51:07 IST" duration-ms="12140" status="PASS">
          <params>
            <param index="0">
              <value>
                <![CDATA[admin]]>
              </value>
            </param>
            <param index="1">
              <value>
                <![CDATA[123456]]>
              </value>
            </param>
            <param index="2">
              <value>
                <![CDATA[raddy64321]]>
              </value>
            </param>
            <param index="3">
              <value>
                <![CDATA[15]]>
              </value>
            </param>
          </params>
          <reporter-output>
          </reporter-output>
        </test-method> <!-- verifyEditUserFunction -->
        <test-method is-config="true" signature="tearDown(org.testng.ITestResult)[pri:0, instance:qalegend.UserManagementModule@17d919b6]" started-at="2023-05-11T20:51:07 IST" name="tearDown" finished-at="2023-05-11T20:51:07 IST" duration-ms="195" status="PASS">
          <params>
            <param index="0">
              <value>
                <![CDATA[[TestResult name=verifyEditUserFunction status=SUCCESS method=UserManagementModule.verifyEditUserFunction(java.lang.String,java.lang.String,java.lang.String,java.lang.String)[pri:0, instance:qalegend.UserManagementModule@17d919b6] output={null}]]]>
              </value>
            </param>
          </params>
          <reporter-output>
          </reporter-output>
        </test-method> <!-- tearDown -->
        <test-method is-config="true" signature="urlLaunch(java.lang.String)[pri:0, instance:qalegend.UserManagementModule@17d919b6]" started-at="2023-05-11T20:51:08 IST" name="urlLaunch" finished-at="2023-05-11T20:51:18 IST" duration-ms="10094" status="PASS">
          <params>
            <param index="0">
              <value>
                <![CDATA[chrome]]>
              </value>
            </param>
          </params>
          <reporter-output>
          </reporter-output>
        </test-method> <!-- urlLaunch -->
        <test-method signature="verifyInactiveUserCase(java.lang.String,java.lang.String,java.lang.String,java.lang.String,java.lang.String)[pri:0, instance:qalegend.UserManagementModule@17d919b6]" started-at="2023-05-11T20:51:18 IST" name="verifyInactiveUserCase" data-provider="inactiveUser" finished-at="2023-05-11T20:51:35 IST" duration-ms="17771" status="PASS">
          <params>
            <param index="0">
              <value>
                <![CDATA[admin]]>
              </value>
            </param>
            <param index="1">
              <value>
                <![CDATA[123456]]>
              </value>
            </param>
            <param index="2">
              <value>
                <![CDATA[raddy64321]]>
              </value>
            </param>
            <param index="3">
              <value>
                <![CDATA[raddy64321]]>
              </value>
            </param>
            <param index="4">
              <value>
                <![CDATA[Password@123]]>
              </value>
            </param>
          </params>
          <reporter-output>
          </reporter-output>
        </test-method> <!-- verifyInactiveUserCase -->
        <test-method is-config="true" signature="tearDown(org.testng.ITestResult)[pri:0, instance:qalegend.UserManagementModule@17d919b6]" started-at="2023-05-11T20:51:35 IST" name="tearDown" finished-at="2023-05-11T20:51:36 IST" duration-ms="194" status="PASS">
          <params>
            <param index="0">
              <value>
                <![CDATA[[TestResult name=verifyInactiveUserCase status=SUCCESS method=UserManagementModule.verifyInactiveUserCase(java.lang.String,java.lang.String,java.lang.String,java.lang.String,java.lang.String)[pri:0, instance:qalegend.UserManagementModule@17d919b6] output={null}]]]>
              </value>
            </param>
          </params>
          <reporter-output>
          </reporter-output>
        </test-method> <!-- tearDown -->
        <test-method is-config="true" signature="urlLaunch(java.lang.String)[pri:0, instance:qalegend.UserManagementModule@17d919b6]" started-at="2023-05-11T20:51:36 IST" name="urlLaunch" finished-at="2023-05-11T20:51:45 IST" duration-ms="8902" status="PASS">
          <params>
            <param index="0">
              <value>
                <![CDATA[chrome]]>
              </value>
            </param>
          </params>
          <reporter-output>
          </reporter-output>
        </test-method> <!-- urlLaunch -->
        <test-method signature="verifySearchUserFunctionality(java.lang.String,java.lang.String,java.lang.String)[pri:0, instance:qalegend.UserManagementModule@17d919b6]" started-at="2023-05-11T20:51:45 IST" name="verifySearchUserFunctionality" data-provider="searchUser" finished-at="2023-05-11T20:51:53 IST" duration-ms="8357" status="PASS">
          <params>
            <param index="0">
              <value>
                <![CDATA[admin]]>
              </value>
            </param>
            <param index="1">
              <value>
                <![CDATA[123456]]>
              </value>
            </param>
            <param index="2">
              <value>
                <![CDATA[Zana123]]>
              </value>
            </param>
          </params>
          <reporter-output>
          </reporter-output>
        </test-method> <!-- verifySearchUserFunctionality -->
        <test-method is-config="true" signature="tearDown(org.testng.ITestResult)[pri:0, instance:qalegend.UserManagementModule@17d919b6]" started-at="2023-05-11T20:51:53 IST" name="tearDown" finished-at="2023-05-11T20:51:53 IST" duration-ms="183" status="PASS">
          <params>
            <param index="0">
              <value>
                <![CDATA[[TestResult name=verifySearchUserFunctionality status=SUCCESS method=UserManagementModule.verifySearchUserFunctionality(java.lang.String,java.lang.String,java.lang.String)[pri:0, instance:qalegend.UserManagementModule@17d919b6] output={null}]]]>
              </value>
            </param>
          </params>
          <reporter-output>
          </reporter-output>
        </test-method> <!-- tearDown -->
        <test-method is-config="true" signature="urlLaunch(java.lang.String)[pri:0, instance:qalegend.UserManagementModule@17d919b6]" started-at="2023-05-11T20:51:53 IST" name="urlLaunch" finished-at="2023-05-11T20:51:59 IST" duration-ms="6091" status="PASS">
          <params>
            <param index="0">
              <value>
                <![CDATA[chrome]]>
              </value>
            </param>
          </params>
          <reporter-output>
          </reporter-output>
        </test-method> <!-- urlLaunch -->
        <test-method signature="verifyUserCreationWithValidData(java.lang.String,java.lang.String,java.lang.String)[pri:0, instance:qalegend.UserManagementModule@17d919b6]" started-at="2023-05-11T20:51:59 IST" name="verifyUserCreationWithValidData" data-provider="Userdata" finished-at="2023-05-11T20:52:12 IST" duration-ms="12528" status="PASS">
          <params>
            <param index="0">
              <value>
                <![CDATA[admin]]>
              </value>
            </param>
            <param index="1">
              <value>
                <![CDATA[123456]]>
              </value>
            </param>
            <param index="2">
              <value>
                <![CDATA[Specialist]]>
              </value>
            </param>
          </params>
          <reporter-output>
          </reporter-output>
        </test-method> <!-- verifyUserCreationWithValidData -->
        <test-method is-config="true" signature="tearDown(org.testng.ITestResult)[pri:0, instance:qalegend.UserManagementModule@17d919b6]" started-at="2023-05-11T20:52:12 IST" name="tearDown" finished-at="2023-05-11T20:52:12 IST" duration-ms="183" status="PASS">
          <params>
            <param index="0">
              <value>
                <![CDATA[[TestResult name=verifyUserCreationWithValidData status=SUCCESS method=UserManagementModule.verifyUserCreationWithValidData(java.lang.String,java.lang.String,java.lang.String)[pri:0, instance:qalegend.UserManagementModule@17d919b6] output={null}]]]>
              </value>
            </param>
          </params>
          <reporter-output>
          </reporter-output>
        </test-method> <!-- tearDown -->
        <test-method is-config="true" signature="urlLaunch(java.lang.String)[pri:0, instance:qalegend.UserManagementModule@17d919b6]" started-at="2023-05-11T20:52:12 IST" name="urlLaunch" finished-at="2023-05-11T20:52:20 IST" duration-ms="7503" status="PASS">
          <params>
            <param index="0">
              <value>
                <![CDATA[chrome]]>
              </value>
            </param>
          </params>
          <reporter-output>
          </reporter-output>
        </test-method> <!-- urlLaunch -->
        <test-method signature="verifyUserDeletedOnAcceptingConfirmationMessage(java.lang.String,java.lang.String,java.lang.String)[pri:0, instance:qalegend.UserManagementModule@17d919b6]" started-at="2023-05-11T20:52:20 IST" name="verifyUserDeletedOnAcceptingConfirmationMessage" data-provider="acceptDeleteRequest" finished-at="2023-05-11T20:52:30 IST" duration-ms="10058" status="PASS">
          <params>
            <param index="0">
              <value>
                <![CDATA[admin]]>
              </value>
            </param>
            <param index="1">
              <value>
                <![CDATA[123456]]>
              </value>
            </param>
            <param index="2">
              <value>
                <![CDATA[1906]]>
              </value>
            </param>
          </params>
          <reporter-output>
          </reporter-output>
        </test-method> <!-- verifyUserDeletedOnAcceptingConfirmationMessage -->
        <test-method is-config="true" signature="tearDown(org.testng.ITestResult)[pri:0, instance:qalegend.UserManagementModule@17d919b6]" started-at="2023-05-11T20:52:30 IST" name="tearDown" finished-at="2023-05-11T20:52:30 IST" duration-ms="146" status="PASS">
          <params>
            <param index="0">
              <value>
                <![CDATA[[TestResult name=verifyUserDeletedOnAcceptingConfirmationMessage status=SUCCESS method=UserManagementModule.verifyUserDeletedOnAcceptingConfirmationMessage(java.lang.String,java.lang.String,java.lang.String)[pri:0, instance:qalegend.UserManagementModule@17d919b6] output={null}]]]>
              </value>
            </param>
          </params>
          <reporter-output>
          </reporter-output>
        </test-method> <!-- tearDown -->
        <test-method is-config="true" signature="urlLaunch(java.lang.String)[pri:0, instance:qalegend.UserManagementModule@17d919b6]" started-at="2023-05-11T20:52:30 IST" name="urlLaunch" finished-at="2023-05-11T20:52:36 IST" duration-ms="6418" status="PASS">
          <params>
            <param index="0">
              <value>
                <![CDATA[chrome]]>
              </value>
            </param>
          </params>
          <reporter-output>
          </reporter-output>
        </test-method> <!-- urlLaunch -->
        <test-method signature="verifyUserNotDeletedOnClickingCancelOfConfirmationMessage(java.lang.String,java.lang.String,java.lang.String)[pri:0, instance:qalegend.UserManagementModule@17d919b6]" started-at="2023-05-11T20:52:36 IST" name="verifyUserNotDeletedOnClickingCancelOfConfirmationMessage" data-provider="cancelDeleteUser" finished-at="2023-05-11T20:52:45 IST" duration-ms="8530" status="PASS">
          <params>
            <param index="0">
              <value>
                <![CDATA[admin]]>
              </value>
            </param>
            <param index="1">
              <value>
                <![CDATA[123456]]>
              </value>
            </param>
            <param index="2">
              <value>
                <![CDATA[george8894]]>
              </value>
            </param>
          </params>
          <reporter-output>
          </reporter-output>
        </test-method> <!-- verifyUserNotDeletedOnClickingCancelOfConfirmationMessage -->
        <test-method is-config="true" signature="tearDown(org.testng.ITestResult)[pri:0, instance:qalegend.UserManagementModule@17d919b6]" started-at="2023-05-11T20:52:45 IST" name="tearDown" finished-at="2023-05-11T20:52:45 IST" duration-ms="182" status="PASS">
          <params>
            <param index="0">
              <value>
                <![CDATA[[TestResult name=verifyUserNotDeletedOnClickingCancelOfConfirmationMessage status=SUCCESS method=UserManagementModule.verifyUserNotDeletedOnClickingCancelOfConfirmationMessage(java.lang.String,java.lang.String,java.lang.String)[pri:0, instance:qalegend.UserManagementModule@17d919b6] output={null}]]]>
              </value>
            </param>
          </params>
          <reporter-output>
          </reporter-output>
        </test-method> <!-- tearDown -->
        <test-method is-config="true" signature="urlLaunch(java.lang.String)[pri:0, instance:qalegend.UserManagementModule@17d919b6]" started-at="2023-05-11T20:52:45 IST" name="urlLaunch" finished-at="2023-05-11T20:52:54 IST" duration-ms="9157" status="PASS">
          <params>
            <param index="0">
              <value>
                <![CDATA[chrome]]>
              </value>
            </param>
          </params>
          <reporter-output>
          </reporter-output>
        </test-method> <!-- urlLaunch -->
        <test-method signature="verifyViewUserFunctionality(java.lang.String,java.lang.String,java.lang.String)[pri:0, instance:qalegend.UserManagementModule@17d919b6]" started-at="2023-05-11T20:52:54 IST" name="verifyViewUserFunctionality" data-provider="viewUser" finished-at="2023-05-11T20:53:03 IST" duration-ms="9029" status="PASS">
          <params>
            <param index="0">
              <value>
                <![CDATA[admin]]>
              </value>
            </param>
            <param index="1">
              <value>
                <![CDATA[123456]]>
              </value>
            </param>
            <param index="2">
              <value>
                <![CDATA[raddy64321]]>
              </value>
            </param>
          </params>
          <reporter-output>
          </reporter-output>
        </test-method> <!-- verifyViewUserFunctionality -->
        <test-method is-config="true" signature="tearDown(org.testng.ITestResult)[pri:0, instance:qalegend.UserManagementModule@17d919b6]" started-at="2023-05-11T20:53:03 IST" name="tearDown" finished-at="2023-05-11T20:53:04 IST" duration-ms="172" status="PASS">
          <params>
            <param index="0">
              <value>
                <![CDATA[[TestResult name=verifyViewUserFunctionality status=SUCCESS method=UserManagementModule.verifyViewUserFunctionality(java.lang.String,java.lang.String,java.lang.String)[pri:0, instance:qalegend.UserManagementModule@17d919b6] output={null}]]]>
              </value>
            </param>
          </params>
          <reporter-output>
          </reporter-output>
        </test-method> <!-- tearDown -->
        <test-method is-config="true" signature="urlLaunch(java.lang.String)[pri:0, instance:qalegend.UserManagementModule@17d919b6]" started-at="2023-05-11T20:53:04 IST" name="urlLaunch" finished-at="2023-05-11T20:53:13 IST" duration-ms="9232" status="PASS">
          <params>
            <param index="0">
              <value>
                <![CDATA[chrome]]>
              </value>
            </param>
          </params>
          <reporter-output>
          </reporter-output>
        </test-method> <!-- urlLaunch -->
        <test-method signature="verifyErrorMessageOnEnteringExistingUsernameInUserCreationPage(java.lang.String,java.lang.String,java.lang.String,java.lang.String,java.lang.String,java.lang.String,java.lang.String,java.lang.String)[pri:2, instance:qalegend.UserManagementModule@17d919b6]" started-at="2023-05-11T20:53:13 IST" name="verifyErrorMessageOnEnteringExistingUsernameInUserCreationPage" data-provider="ExistingUserdata" finished-at="2023-05-11T20:53:24 IST" duration-ms="10748" status="PASS">
          <params>
            <param index="0">
              <value>
                <![CDATA[admin]]>
              </value>
            </param>
            <param index="1">
              <value>
                <![CDATA[123456]]>
              </value>
            </param>
            <param index="2">
              <value>
                <![CDATA[Balasubramaniam]]>
              </value>
            </param>
            <param index="3">
              <value>
                <![CDATA[bala1234@gmail.com]]>
              </value>
            </param>
            <param index="4">
              <value>
                <![CDATA[Specialist]]>
              </value>
            </param>
            <param index="5">
              <value>
                <![CDATA[bala123]]>
              </value>
            </param>
            <param index="6">
              <value>
                <![CDATA[Password@123]]>
              </value>
            </param>
            <param index="7">
              <value>
                <![CDATA[Password@123]]>
              </value>
            </param>
          </params>
          <reporter-output>
          </reporter-output>
        </test-method> <!-- verifyErrorMessageOnEnteringExistingUsernameInUserCreationPage -->
        <test-method is-config="true" signature="tearDown(org.testng.ITestResult)[pri:0, instance:qalegend.UserManagementModule@17d919b6]" started-at="2023-05-11T20:53:24 IST" name="tearDown" finished-at="2023-05-11T20:53:24 IST" duration-ms="128" status="PASS">
          <params>
            <param index="0">
              <value>
                <![CDATA[[TestResult name=verifyErrorMessageOnEnteringExistingUsernameInUserCreationPage status=SUCCESS method=UserManagementModule.verifyErrorMessageOnEnteringExistingUsernameInUserCreationPage(java.lang.String,java.lang.String,java.lang.String,java.lang.String,java.lang.String,java.lang.String,java.lang.String,java.lang.String)[pri:2, instance:qalegend.UserManagementModule@17d919b6] output={null}]]]>
              </value>
            </param>
          </params>
          <reporter-output>
          </reporter-output>
        </test-method> <!-- tearDown -->
      </class> <!-- qalegend.UserManagementModule -->
      <class name="qalegend.LoginTestCase">
        <test-method is-config="true" signature="urlLaunch(java.lang.String)[pri:0, instance:qalegend.LoginTestCase@1cf6d1be]" started-at="2023-05-11T20:50:17 IST" name="urlLaunch" finished-at="2023-05-11T20:50:30 IST" duration-ms="13585" status="PASS">
          <params>
            <param index="0">
              <value>
                <![CDATA[chrome]]>
              </value>
            </param>
          </params>
          <reporter-output>
          </reporter-output>
        </test-method> <!-- urlLaunch -->
        <test-method signature="verifyLoginWithValidUsernameAndInvalidPassword(java.lang.String,java.lang.String)[pri:0, instance:qalegend.LoginTestCase@1cf6d1be]" started-at="2023-05-11T20:50:30 IST" name="verifyLoginWithValidUsernameAndInvalidPassword" data-provider="testCase1" finished-at="2023-05-11T20:50:32 IST" duration-ms="1445" status="PASS">
          <params>
            <param index="0">
              <value>
                <![CDATA[admin]]>
              </value>
            </param>
            <param index="1">
              <value>
                <![CDATA[123]]>
              </value>
            </param>
          </params>
          <reporter-output>
          </reporter-output>
        </test-method> <!-- verifyLoginWithValidUsernameAndInvalidPassword -->
        <test-method is-config="true" signature="tearDown(org.testng.ITestResult)[pri:0, instance:qalegend.LoginTestCase@1cf6d1be]" started-at="2023-05-11T20:50:32 IST" name="tearDown" finished-at="2023-05-11T20:50:32 IST" duration-ms="154" status="PASS">
          <params>
            <param index="0">
              <value>
                <![CDATA[[TestResult name=verifyLoginWithValidUsernameAndInvalidPassword status=SUCCESS method=LoginTestCase.verifyLoginWithValidUsernameAndInvalidPassword(java.lang.String,java.lang.String)[pri:0, instance:qalegend.LoginTestCase@1cf6d1be] output={null}]]]>
              </value>
            </param>
          </params>
          <reporter-output>
          </reporter-output>
        </test-method> <!-- tearDown -->
        <test-method is-config="true" signature="urlLaunch(java.lang.String)[pri:0, instance:qalegend.LoginTestCase@1cf6d1be]" started-at="2023-05-11T20:50:32 IST" name="urlLaunch" finished-at="2023-05-11T20:50:42 IST" duration-ms="9735" status="PASS">
          <params>
            <param index="0">
              <value>
                <![CDATA[chrome]]>
              </value>
            </param>
          </params>
          <reporter-output>
          </reporter-output>
        </test-method> <!-- urlLaunch -->
        <test-method signature="verifyLoginWithValidUsernameAndValidPassword(java.lang.String,java.lang.String)[pri:0, instance:qalegend.LoginTestCase@1cf6d1be]" started-at="2023-05-11T20:50:42 IST" name="verifyLoginWithValidUsernameAndValidPassword" data-provider="testdatavalid" finished-at="2023-05-11T20:50:46 IST" duration-ms="3864" status="PASS">
          <params>
            <param index="0">
              <value>
                <![CDATA[admin]]>
              </value>
            </param>
            <param index="1">
              <value>
                <![CDATA[123456]]>
              </value>
            </param>
          </params>
          <reporter-output>
          </reporter-output>
        </test-method> <!-- verifyLoginWithValidUsernameAndValidPassword -->
        <test-method is-config="true" signature="tearDown(org.testng.ITestResult)[pri:0, instance:qalegend.LoginTestCase@1cf6d1be]" started-at="2023-05-11T20:50:46 IST" name="tearDown" finished-at="2023-05-11T20:50:46 IST" duration-ms="184" status="PASS">
          <params>
            <param index="0">
              <value>
                <![CDATA[[TestResult name=verifyLoginWithValidUsernameAndValidPassword status=SUCCESS method=LoginTestCase.verifyLoginWithValidUsernameAndValidPassword(java.lang.String,java.lang.String)[pri:0, instance:qalegend.LoginTestCase@1cf6d1be] output={null}]]]>
              </value>
            </param>
          </params>
          <reporter-output>
          </reporter-output>
        </test-method> <!-- tearDown -->
      </class> <!-- qalegend.LoginTestCase -->
      <class name="qalegend.TaxRateModule">
        <test-method is-config="true" signature="urlLaunch(java.lang.String)[pri:0, instance:qalegend.TaxRateModule@7d61eb55]" started-at="2023-05-11T20:57:35 IST" name="urlLaunch" finished-at="2023-05-11T20:57:42 IST" duration-ms="7897" status="PASS">
          <params>
            <param index="0">
              <value>
                <![CDATA[chrome]]>
              </value>
            </param>
          </params>
          <reporter-output>
          </reporter-output>
        </test-method> <!-- urlLaunch -->
        <test-method signature="verifyTaxRateCreationOnEnteringValidData(java.lang.String,java.lang.String,java.lang.String,java.lang.String)[pri:0, instance:qalegend.TaxRateModule@7d61eb55]" started-at="2023-05-11T20:57:42 IST" name="verifyTaxRateCreationOnEnteringValidData" data-provider="taxRateCreation" finished-at="2023-05-11T20:57:50 IST" duration-ms="7335" status="PASS">
          <params>
            <param index="0">
              <value>
                <![CDATA[admin]]>
              </value>
            </param>
            <param index="1">
              <value>
                <![CDATA[123456]]>
              </value>
            </param>
            <param index="2">
              <value>
                <![CDATA[NewTaxRegime]]>
              </value>
            </param>
            <param index="3">
              <value>
                <![CDATA[11]]>
              </value>
            </param>
          </params>
          <reporter-output>
          </reporter-output>
        </test-method> <!-- verifyTaxRateCreationOnEnteringValidData -->
        <test-method is-config="true" signature="tearDown(org.testng.ITestResult)[pri:0, instance:qalegend.TaxRateModule@7d61eb55]" started-at="2023-05-11T20:57:50 IST" name="tearDown" finished-at="2023-05-11T20:57:50 IST" duration-ms="125" status="PASS">
          <params>
            <param index="0">
              <value>
                <![CDATA[[TestResult name=verifyTaxRateCreationOnEnteringValidData status=SUCCESS method=TaxRateModule.verifyTaxRateCreationOnEnteringValidData(java.lang.String,java.lang.String,java.lang.String,java.lang.String)[pri:0, instance:qalegend.TaxRateModule@7d61eb55] output={null}]]]>
              </value>
            </param>
          </params>
          <reporter-output>
          </reporter-output>
        </test-method> <!-- tearDown -->
        <test-method is-config="true" signature="urlLaunch(java.lang.String)[pri:0, instance:qalegend.TaxRateModule@7d61eb55]" started-at="2023-05-11T20:57:50 IST" name="urlLaunch" finished-at="2023-05-11T20:57:58 IST" duration-ms="8269" status="PASS">
          <params>
            <param index="0">
              <value>
                <![CDATA[chrome]]>
              </value>
            </param>
          </params>
          <reporter-output>
          </reporter-output>
        </test-method> <!-- urlLaunch -->
        <test-method signature="verifyTaxRateUsedInTaxGroupCannotBeDeleted(java.lang.String,java.lang.String,java.lang.String)[pri:0, instance:qalegend.TaxRateModule@7d61eb55]" started-at="2023-05-11T20:57:58 IST" name="verifyTaxRateUsedInTaxGroupCannotBeDeleted" data-provider="testcase17" finished-at="2023-05-11T20:58:05 IST" duration-ms="6703" status="PASS">
          <params>
            <param index="0">
              <value>
                <![CDATA[admin]]>
              </value>
            </param>
            <param index="1">
              <value>
                <![CDATA[123456]]>
              </value>
            </param>
            <param index="2">
              <value>
                <![CDATA[cgst]]>
              </value>
            </param>
          </params>
          <reporter-output>
          </reporter-output>
        </test-method> <!-- verifyTaxRateUsedInTaxGroupCannotBeDeleted -->
        <test-method is-config="true" signature="tearDown(org.testng.ITestResult)[pri:0, instance:qalegend.TaxRateModule@7d61eb55]" started-at="2023-05-11T20:58:05 IST" name="tearDown" finished-at="2023-05-11T20:58:05 IST" duration-ms="121" status="PASS">
          <params>
            <param index="0">
              <value>
                <![CDATA[[TestResult name=verifyTaxRateUsedInTaxGroupCannotBeDeleted status=SUCCESS method=TaxRateModule.verifyTaxRateUsedInTaxGroupCannotBeDeleted(java.lang.String,java.lang.String,java.lang.String)[pri:0, instance:qalegend.TaxRateModule@7d61eb55] output={null}]]]>
              </value>
            </param>
          </params>
          <reporter-output>
          </reporter-output>
        </test-method> <!-- tearDown -->
        <test-method is-config="true" signature="urlLaunch(java.lang.String)[pri:0, instance:qalegend.TaxRateModule@7d61eb55]" started-at="2023-05-11T20:58:05 IST" name="urlLaunch" finished-at="2023-05-11T20:58:13 IST" duration-ms="7556" status="PASS">
          <params>
            <param index="0">
              <value>
                <![CDATA[chrome]]>
              </value>
            </param>
          </params>
          <reporter-output>
          </reporter-output>
        </test-method> <!-- urlLaunch -->
        <test-method signature="verifyUserIsAbleToAddTaxGroupSuccessfully(java.lang.String,java.lang.String,java.lang.String,java.lang.String,java.lang.String)[pri:0, instance:qalegend.TaxRateModule@7d61eb55]" started-at="2023-05-11T20:58:13 IST" name="verifyUserIsAbleToAddTaxGroupSuccessfully" data-provider="addTaxGroup" finished-at="2023-05-11T20:58:21 IST" duration-ms="8549" status="PASS">
          <params>
            <param index="0">
              <value>
                <![CDATA[admin]]>
              </value>
            </param>
            <param index="1">
              <value>
                <![CDATA[123456]]>
              </value>
            </param>
            <param index="2">
              <value>
                <![CDATA[Intnl12]]>
              </value>
            </param>
            <param index="3">
              <value>
                <![CDATA[sgst]]>
              </value>
            </param>
            <param index="4">
              <value>
                <![CDATA[cgst]]>
              </value>
            </param>
          </params>
          <reporter-output>
          </reporter-output>
        </test-method> <!-- verifyUserIsAbleToAddTaxGroupSuccessfully -->
        <test-method is-config="true" signature="tearDown(org.testng.ITestResult)[pri:0, instance:qalegend.TaxRateModule@7d61eb55]" started-at="2023-05-11T20:58:21 IST" name="tearDown" finished-at="2023-05-11T20:58:21 IST" duration-ms="182" status="PASS">
          <params>
            <param index="0">
              <value>
                <![CDATA[[TestResult name=verifyUserIsAbleToAddTaxGroupSuccessfully status=SUCCESS method=TaxRateModule.verifyUserIsAbleToAddTaxGroupSuccessfully(java.lang.String,java.lang.String,java.lang.String,java.lang.String,java.lang.String)[pri:0, instance:qalegend.TaxRateModule@7d61eb55] output={null}]]]>
              </value>
            </param>
          </params>
          <reporter-output>
          </reporter-output>
        </test-method> <!-- tearDown -->
        <test-method is-config="true" signature="urlLaunch(java.lang.String)[pri:0, instance:qalegend.TaxRateModule@7d61eb55]" started-at="2023-05-11T20:58:21 IST" name="urlLaunch" finished-at="2023-05-11T20:58:28 IST" duration-ms="6836" status="PASS">
          <params>
            <param index="0">
              <value>
                <![CDATA[chrome]]>
              </value>
            </param>
          </params>
          <reporter-output>
          </reporter-output>
        </test-method> <!-- urlLaunch -->
        <test-method signature="verifyUserIsAbleToDeleteTaxRateSuccessfully(java.lang.String,java.lang.String,java.lang.String)[pri:0, instance:qalegend.TaxRateModule@7d61eb55]" started-at="2023-05-11T20:58:28 IST" name="verifyUserIsAbleToDeleteTaxRateSuccessfully" data-provider="deleteTaxRate" finished-at="2023-05-11T20:58:36 IST" duration-ms="7662" status="PASS">
          <params>
            <param index="0">
              <value>
                <![CDATA[admin]]>
              </value>
            </param>
            <param index="1">
              <value>
                <![CDATA[123456]]>
              </value>
            </param>
            <param index="2">
              <value>
                <![CDATA[delete]]>
              </value>
            </param>
          </params>
          <reporter-output>
          </reporter-output>
        </test-method> <!-- verifyUserIsAbleToDeleteTaxRateSuccessfully -->
        <test-method is-config="true" signature="tearDown(org.testng.ITestResult)[pri:0, instance:qalegend.TaxRateModule@7d61eb55]" started-at="2023-05-11T20:58:36 IST" name="tearDown" finished-at="2023-05-11T20:58:36 IST" duration-ms="178" status="PASS">
          <params>
            <param index="0">
              <value>
                <![CDATA[[TestResult name=verifyUserIsAbleToDeleteTaxRateSuccessfully status=SUCCESS method=TaxRateModule.verifyUserIsAbleToDeleteTaxRateSuccessfully(java.lang.String,java.lang.String,java.lang.String)[pri:0, instance:qalegend.TaxRateModule@7d61eb55] output={null}]]]>
              </value>
            </param>
          </params>
          <reporter-output>
          </reporter-output>
        </test-method> <!-- tearDown -->
        <test-method is-config="true" signature="urlLaunch(java.lang.String)[pri:0, instance:qalegend.TaxRateModule@7d61eb55]" started-at="2023-05-11T20:58:36 IST" name="urlLaunch" finished-at="2023-05-11T20:58:43 IST" duration-ms="6595" status="PASS">
          <params>
            <param index="0">
              <value>
                <![CDATA[chrome]]>
              </value>
            </param>
          </params>
          <reporter-output>
          </reporter-output>
        </test-method> <!-- urlLaunch -->
        <test-method signature="verifyUserIsAbleToEditTaxRateSuccessfully(java.lang.String,java.lang.String,java.lang.String,java.lang.String,java.lang.String)[pri:0, instance:qalegend.TaxRateModule@7d61eb55]" started-at="2023-05-11T20:58:43 IST" name="verifyUserIsAbleToEditTaxRateSuccessfully" data-provider="editTaxRate" finished-at="2023-05-11T20:58:51 IST" duration-ms="7710" status="PASS">
          <params>
            <param index="0">
              <value>
                <![CDATA[admin]]>
              </value>
            </param>
            <param index="1">
              <value>
                <![CDATA[123456]]>
              </value>
            </param>
            <param index="2">
              <value>
                <![CDATA[ValeAddedTax]]>
              </value>
            </param>
            <param index="3">
              <value>
                <![CDATA[ValueAddedTax]]>
              </value>
            </param>
            <param index="4">
              <value>
                <![CDATA[33]]>
              </value>
            </param>
          </params>
          <reporter-output>
          </reporter-output>
        </test-method> <!-- verifyUserIsAbleToEditTaxRateSuccessfully -->
        <test-method is-config="true" signature="tearDown(org.testng.ITestResult)[pri:0, instance:qalegend.TaxRateModule@7d61eb55]" started-at="2023-05-11T20:58:51 IST" name="tearDown" finished-at="2023-05-11T20:58:51 IST" duration-ms="102" status="PASS">
          <params>
            <param index="0">
              <value>
                <![CDATA[[TestResult name=verifyUserIsAbleToEditTaxRateSuccessfully status=SUCCESS method=TaxRateModule.verifyUserIsAbleToEditTaxRateSuccessfully(java.lang.String,java.lang.String,java.lang.String,java.lang.String,java.lang.String)[pri:0, instance:qalegend.TaxRateModule@7d61eb55] output={null}]]]>
              </value>
            </param>
          </params>
          <reporter-output>
          </reporter-output>
        </test-method> <!-- tearDown -->
        <test-method is-config="true" signature="urlLaunch(java.lang.String)[pri:0, instance:qalegend.TaxRateModule@7d61eb55]" started-at="2023-05-11T20:58:51 IST" name="urlLaunch" finished-at="2023-05-11T20:58:59 IST" duration-ms="8739" status="PASS">
          <params>
            <param index="0">
              <value>
                <![CDATA[chrome]]>
              </value>
            </param>
          </params>
          <reporter-output>
          </reporter-output>
        </test-method> <!-- urlLaunch -->
        <test-method signature="verifyUserIsUnableToAddTaxRateOnLeavingNameFieldBlank(java.lang.String,java.lang.String,java.lang.String,java.lang.String)[pri:0, instance:qalegend.TaxRateModule@7d61eb55]" started-at="2023-05-11T20:58:59 IST" name="verifyUserIsUnableToAddTaxRateOnLeavingNameFieldBlank" data-provider="invalidNameTaxRate" finished-at="2023-05-11T20:59:07 IST" duration-ms="7452" status="PASS">
          <params>
            <param index="0">
              <value>
                <![CDATA[admin]]>
              </value>
            </param>
            <param index="1">
              <value>
                <![CDATA[123456]]>
              </value>
            </param>
            <param index="2">
              <value>
                <![CDATA[]]>
              </value>
            </param>
            <param index="3">
              <value>
                <![CDATA[11]]>
              </value>
            </param>
          </params>
          <reporter-output>
          </reporter-output>
        </test-method> <!-- verifyUserIsUnableToAddTaxRateOnLeavingNameFieldBlank -->
        <test-method is-config="true" signature="tearDown(org.testng.ITestResult)[pri:0, instance:qalegend.TaxRateModule@7d61eb55]" started-at="2023-05-11T20:59:07 IST" name="tearDown" finished-at="2023-05-11T20:59:07 IST" duration-ms="144" status="PASS">
          <params>
            <param index="0">
              <value>
                <![CDATA[[TestResult name=verifyUserIsUnableToAddTaxRateOnLeavingNameFieldBlank status=SUCCESS method=TaxRateModule.verifyUserIsUnableToAddTaxRateOnLeavingNameFieldBlank(java.lang.String,java.lang.String,java.lang.String,java.lang.String)[pri:0, instance:qalegend.TaxRateModule@7d61eb55] output={null}]]]>
              </value>
            </param>
          </params>
          <reporter-output>
          </reporter-output>
        </test-method> <!-- tearDown -->
        <test-method is-config="true" signature="urlLaunch(java.lang.String)[pri:0, instance:qalegend.TaxRateModule@7d61eb55]" started-at="2023-05-11T20:59:07 IST" name="urlLaunch" finished-at="2023-05-11T20:59:15 IST" duration-ms="7624" status="PASS">
          <params>
            <param index="0">
              <value>
                <![CDATA[chrome]]>
              </value>
            </param>
          </params>
          <reporter-output>
          </reporter-output>
        </test-method> <!-- urlLaunch -->
        <test-method signature="verifyUserIsUnableToAddTaxRateOnLeavingTaxRateFieldBlank(java.lang.String,java.lang.String,java.lang.String,java.lang.String)[pri:0, instance:qalegend.TaxRateModule@7d61eb55]" started-at="2023-05-11T20:59:15 IST" name="verifyUserIsUnableToAddTaxRateOnLeavingTaxRateFieldBlank" data-provider="invalidTaxRate" finished-at="2023-05-11T20:59:23 IST" duration-ms="8396" status="PASS">
          <params>
            <param index="0">
              <value>
                <![CDATA[admin]]>
              </value>
            </param>
            <param index="1">
              <value>
                <![CDATA[123456]]>
              </value>
            </param>
            <param index="2">
              <value>
                <![CDATA[taxcheck]]>
              </value>
            </param>
            <param index="3">
              <value>
                <![CDATA[]]>
              </value>
            </param>
          </params>
          <reporter-output>
          </reporter-output>
        </test-method> <!-- verifyUserIsUnableToAddTaxRateOnLeavingTaxRateFieldBlank -->
        <test-method is-config="true" signature="tearDown(org.testng.ITestResult)[pri:0, instance:qalegend.TaxRateModule@7d61eb55]" started-at="2023-05-11T20:59:23 IST" name="tearDown" finished-at="2023-05-11T20:59:23 IST" duration-ms="171" status="PASS">
          <params>
            <param index="0">
              <value>
                <![CDATA[[TestResult name=verifyUserIsUnableToAddTaxRateOnLeavingTaxRateFieldBlank status=SUCCESS method=TaxRateModule.verifyUserIsUnableToAddTaxRateOnLeavingTaxRateFieldBlank(java.lang.String,java.lang.String,java.lang.String,java.lang.String)[pri:0, instance:qalegend.TaxRateModule@7d61eb55] output={null}]]]>
              </value>
            </param>
          </params>
          <reporter-output>
          </reporter-output>
        </test-method> <!-- tearDown -->
      </class> <!-- qalegend.TaxRateModule -->
      <class name="qalegend.RoleModule">
        <test-method is-config="true" signature="urlLaunch(java.lang.String)[pri:0, instance:qalegend.RoleModule@53f3bdbd]" started-at="2023-05-11T20:53:24 IST" name="urlLaunch" finished-at="2023-05-11T20:53:33 IST" duration-ms="8658" status="PASS">
          <params>
            <param index="0">
              <value>
                <![CDATA[chrome]]>
              </value>
            </param>
          </params>
          <reporter-output>
          </reporter-output>
        </test-method> <!-- urlLaunch -->
        <test-method signature="verifyAddRoleFunction(java.lang.String,java.lang.String,java.lang.String)[pri:0, instance:qalegend.RoleModule@53f3bdbd]" started-at="2023-05-11T20:53:33 IST" name="verifyAddRoleFunction" data-provider="testcase18" finished-at="2023-05-11T20:53:44 IST" duration-ms="11367" status="PASS">
          <params>
            <param index="0">
              <value>
                <![CDATA[admin]]>
              </value>
            </param>
            <param index="1">
              <value>
                <![CDATA[123456]]>
              </value>
            </param>
            <param index="2">
              <value>
                <![CDATA[GreatMana12]]>
              </value>
            </param>
          </params>
          <reporter-output>
          </reporter-output>
        </test-method> <!-- verifyAddRoleFunction -->
        <test-method is-config="true" signature="tearDown(org.testng.ITestResult)[pri:0, instance:qalegend.RoleModule@53f3bdbd]" started-at="2023-05-11T20:53:44 IST" name="tearDown" finished-at="2023-05-11T20:53:44 IST" duration-ms="212" status="PASS">
          <params>
            <param index="0">
              <value>
                <![CDATA[[TestResult name=verifyAddRoleFunction status=SUCCESS method=RoleModule.verifyAddRoleFunction(java.lang.String,java.lang.String,java.lang.String)[pri:0, instance:qalegend.RoleModule@53f3bdbd] output={null}]]]>
              </value>
            </param>
          </params>
          <reporter-output>
          </reporter-output>
        </test-method> <!-- tearDown -->
        <test-method is-config="true" signature="urlLaunch(java.lang.String)[pri:0, instance:qalegend.RoleModule@53f3bdbd]" started-at="2023-05-11T20:53:44 IST" name="urlLaunch" finished-at="2023-05-11T20:53:53 IST" duration-ms="8688" status="PASS">
          <params>
            <param index="0">
              <value>
                <![CDATA[chrome]]>
              </value>
            </param>
          </params>
          <reporter-output>
          </reporter-output>
        </test-method> <!-- urlLaunch -->
        <test-method signature="verifyEditRoleFunction(java.lang.String,java.lang.String,java.lang.String,java.lang.String)[pri:0, instance:qalegend.RoleModule@53f3bdbd]" started-at="2023-05-11T20:53:53 IST" name="verifyEditRoleFunction" data-provider="testCase19" finished-at="2023-05-11T20:54:05 IST" duration-ms="12306" status="PASS">
          <params>
            <param index="0">
              <value>
                <![CDATA[admin]]>
              </value>
            </param>
            <param index="1">
              <value>
                <![CDATA[123456]]>
              </value>
            </param>
            <param index="2">
              <value>
                <![CDATA[ProductionControllerEdit]]>
              </value>
            </param>
            <param index="3">
              <value>
                <![CDATA[ProductionController]]>
              </value>
            </param>
          </params>
          <reporter-output>
          </reporter-output>
        </test-method> <!-- verifyEditRoleFunction -->
        <test-method is-config="true" signature="tearDown(org.testng.ITestResult)[pri:0, instance:qalegend.RoleModule@53f3bdbd]" started-at="2023-05-11T20:54:05 IST" name="tearDown" finished-at="2023-05-11T20:54:05 IST" duration-ms="158" status="PASS">
          <params>
            <param index="0">
              <value>
                <![CDATA[[TestResult name=verifyEditRoleFunction status=SUCCESS method=RoleModule.verifyEditRoleFunction(java.lang.String,java.lang.String,java.lang.String,java.lang.String)[pri:0, instance:qalegend.RoleModule@53f3bdbd] output={null}]]]>
              </value>
            </param>
          </params>
          <reporter-output>
          </reporter-output>
        </test-method> <!-- tearDown -->
        <test-method is-config="true" signature="urlLaunch(java.lang.String)[pri:0, instance:qalegend.RoleModule@53f3bdbd]" started-at="2023-05-11T20:54:06 IST" name="urlLaunch" finished-at="2023-05-11T20:54:17 IST" duration-ms="11335" status="PASS">
          <params>
            <param index="0">
              <value>
                <![CDATA[chrome]]>
              </value>
            </param>
          </params>
          <reporter-output>
          </reporter-output>
        </test-method> <!-- urlLaunch -->
        <test-method signature="verifyUserIsAbleToDeleteRoleOnAcceptingConfirmationMessage(java.lang.String,java.lang.String,java.lang.String)[pri:0, instance:qalegend.RoleModule@53f3bdbd]" started-at="2023-05-11T20:54:17 IST" name="verifyUserIsAbleToDeleteRoleOnAcceptingConfirmationMessage" data-provider="testcase22" finished-at="2023-05-11T20:54:24 IST" duration-ms="7327" status="PASS">
          <params>
            <param index="0">
              <value>
                <![CDATA[admin]]>
              </value>
            </param>
            <param index="1">
              <value>
                <![CDATA[123456]]>
              </value>
            </param>
            <param index="2">
              <value>
                <![CDATA[TestTestManager]]>
              </value>
            </param>
          </params>
          <reporter-output>
          </reporter-output>
        </test-method> <!-- verifyUserIsAbleToDeleteRoleOnAcceptingConfirmationMessage -->
        <test-method is-config="true" signature="tearDown(org.testng.ITestResult)[pri:0, instance:qalegend.RoleModule@53f3bdbd]" started-at="2023-05-11T20:54:24 IST" name="tearDown" finished-at="2023-05-11T20:54:24 IST" duration-ms="158" status="PASS">
          <params>
            <param index="0">
              <value>
                <![CDATA[[TestResult name=verifyUserIsAbleToDeleteRoleOnAcceptingConfirmationMessage status=SUCCESS method=RoleModule.verifyUserIsAbleToDeleteRoleOnAcceptingConfirmationMessage(java.lang.String,java.lang.String,java.lang.String)[pri:0, instance:qalegend.RoleModule@53f3bdbd] output={null}]]]>
              </value>
            </param>
          </params>
          <reporter-output>
          </reporter-output>
        </test-method> <!-- tearDown -->
        <test-method is-config="true" signature="urlLaunch(java.lang.String)[pri:0, instance:qalegend.RoleModule@53f3bdbd]" started-at="2023-05-11T20:54:24 IST" name="urlLaunch" finished-at="2023-05-11T20:54:33 IST" duration-ms="8709" status="PASS">
          <params>
            <param index="0">
              <value>
                <![CDATA[chrome]]>
              </value>
            </param>
          </params>
          <reporter-output>
          </reporter-output>
        </test-method> <!-- urlLaunch -->
        <test-method signature="verifyUserIsNotAbleToDeleteRoleIfConfirmationMessageIsCancelled(java.lang.String,java.lang.String,java.lang.String)[pri:0, instance:qalegend.RoleModule@53f3bdbd]" started-at="2023-05-11T20:54:33 IST" name="verifyUserIsNotAbleToDeleteRoleIfConfirmationMessageIsCancelled" data-provider="testcase21" finished-at="2023-05-11T20:54:40 IST" duration-ms="6594" status="PASS">
          <params>
            <param index="0">
              <value>
                <![CDATA[admin]]>
              </value>
            </param>
            <param index="1">
              <value>
                <![CDATA[123456]]>
              </value>
            </param>
            <param index="2">
              <value>
                <![CDATA[manager]]>
              </value>
            </param>
          </params>
          <reporter-output>
          </reporter-output>
        </test-method> <!-- verifyUserIsNotAbleToDeleteRoleIfConfirmationMessageIsCancelled -->
        <test-method is-config="true" signature="tearDown(org.testng.ITestResult)[pri:0, instance:qalegend.RoleModule@53f3bdbd]" started-at="2023-05-11T20:54:40 IST" name="tearDown" finished-at="2023-05-11T20:54:40 IST" duration-ms="173" status="PASS">
          <params>
            <param index="0">
              <value>
                <![CDATA[[TestResult name=verifyUserIsNotAbleToDeleteRoleIfConfirmationMessageIsCancelled status=SUCCESS method=RoleModule.verifyUserIsNotAbleToDeleteRoleIfConfirmationMessageIsCancelled(java.lang.String,java.lang.String,java.lang.String)[pri:0, instance:qalegend.RoleModule@53f3bdbd] output={null}]]]>
              </value>
            </param>
          </params>
          <reporter-output>
          </reporter-output>
        </test-method> <!-- tearDown -->
        <test-method is-config="true" signature="urlLaunch(java.lang.String)[pri:0, instance:qalegend.RoleModule@53f3bdbd]" started-at="2023-05-11T20:54:40 IST" name="urlLaunch" finished-at="2023-05-11T20:54:47 IST" duration-ms="7168" status="PASS">
          <params>
            <param index="0">
              <value>
                <![CDATA[chrome]]>
              </value>
            </param>
          </params>
          <reporter-output>
          </reporter-output>
        </test-method> <!-- urlLaunch -->
        <test-method signature="verifyValidationMessageShownOnSearchingANonExistingRoleName(java.lang.String,java.lang.String,java.lang.String)[pri:0, instance:qalegend.RoleModule@53f3bdbd]" started-at="2023-05-11T20:54:47 IST" name="verifyValidationMessageShownOnSearchingANonExistingRoleName" data-provider="testCase20" finished-at="2023-05-11T20:54:54 IST" duration-ms="6388" status="PASS">
          <params>
            <param index="0">
              <value>
                <![CDATA[admin]]>
              </value>
            </param>
            <param index="1">
              <value>
                <![CDATA[123456]]>
              </value>
            </param>
            <param index="2">
              <value>
                <![CDATA[zzzzzzzzzzzzzzz]]>
              </value>
            </param>
          </params>
          <reporter-output>
          </reporter-output>
        </test-method> <!-- verifyValidationMessageShownOnSearchingANonExistingRoleName -->
        <test-method is-config="true" signature="tearDown(org.testng.ITestResult)[pri:0, instance:qalegend.RoleModule@53f3bdbd]" started-at="2023-05-11T20:54:54 IST" name="tearDown" finished-at="2023-05-11T20:54:54 IST" duration-ms="183" status="PASS">
          <params>
            <param index="0">
              <value>
                <![CDATA[[TestResult name=verifyValidationMessageShownOnSearchingANonExistingRoleName status=SUCCESS method=RoleModule.verifyValidationMessageShownOnSearchingANonExistingRoleName(java.lang.String,java.lang.String,java.lang.String)[pri:0, instance:qalegend.RoleModule@53f3bdbd] output={null}]]]>
              </value>
            </param>
          </params>
          <reporter-output>
          </reporter-output>
        </test-method> <!-- tearDown -->
      </class> <!-- qalegend.RoleModule -->
    </test> <!-- Test1 -->
  </suite> <!-- demo -->
</testng-results>
