<?xml version="1.0" encoding="UTF-8"?>
<testng-results ignored="0" total="30" passed="30" failed="0" skipped="0">
  <reporter-output>
  </reporter-output>
  <suite started-at="2023-06-13T19:46:31 IST" name="demo" finished-at="2023-06-13T19:53:36 IST" duration-ms="425190">
    <groups>
      <group name="regression">
        <method signature="UserManagementModule.verifySearchUserFunctionality(java.lang.String,java.lang.String,java.lang.String)[pri:0, instance:qalegend.UserManagementModule@4149c063]" name="verifySearchUserFunctionality" class="qalegend.UserManagementModule"/>
        <method signature="UserManagementModule.verifyUserNotDeletedOnClickingCancelOfConfirmationMessage(java.lang.String,java.lang.String,java.lang.String)[pri:0, instance:qalegend.UserManagementModule@4149c063]" name="verifyUserNotDeletedOnClickingCancelOfConfirmationMessage" class="qalegend.UserManagementModule"/>
        <method signature="UserManagementModule.verifyViewUserFunctionality(java.lang.String,java.lang.String,java.lang.String)[pri:0, instance:qalegend.UserManagementModule@4149c063]" name="verifyViewUserFunctionality" class="qalegend.UserManagementModule"/>
      </group> <!-- regression -->
      <group name="smokeTest">
        <method signature="LoginTestCase.verifyLoginWithValidUsernameAndValidPassword(java.lang.String,java.lang.String)[pri:0, instance:qalegend.LoginTestCase@1cf6d1be]" name="verifyLoginWithValidUsernameAndValidPassword" class="qalegend.LoginTestCase"/>
        <method signature="RoleModule.verifyUserIsNotAbleToDeleteRoleIfConfirmationMessageIsCancelled(java.lang.String,java.lang.String,java.lang.String)[pri:0, instance:qalegend.RoleModule@34129c78]" name="verifyUserIsNotAbleToDeleteRoleIfConfirmationMessageIsCancelled" class="qalegend.RoleModule"/>
        <method signature="RoleModule.verifyValidationMessageShownOnSearchingANonExistingRoleName(java.lang.String,java.lang.String,java.lang.String)[pri:0, instance:qalegend.RoleModule@34129c78]" name="verifyValidationMessageShownOnSearchingANonExistingRoleName" class="qalegend.RoleModule"/>
      </group> <!-- smokeTest -->
      <group name="sanityTest">
        <method signature="LoginTestCase.verifyLoginWithValidUsernameAndInvalidPassword(java.lang.String,java.lang.String)[pri:0, instance:qalegend.LoginTestCase@1cf6d1be]" name="verifyLoginWithValidUsernameAndInvalidPassword" class="qalegend.LoginTestCase"/>
        <method signature="LoginTestCase.verifyLoginWithValidUsernameAndValidPassword(java.lang.String,java.lang.String)[pri:0, instance:qalegend.LoginTestCase@1cf6d1be]" name="verifyLoginWithValidUsernameAndValidPassword" class="qalegend.LoginTestCase"/>
        <method signature="UserManagementModule.verifyUserCreationWithValidData(java.lang.String,java.lang.String,java.lang.String)[pri:0, instance:qalegend.UserManagementModule@4149c063]" name="verifyUserCreationWithValidData" class="qalegend.UserManagementModule"/>
      </group> <!-- sanityTest -->
    </groups>
    <test started-at="2023-06-13T19:46:31 IST" name="AutomationTests" finished-at="2023-06-13T19:53:36 IST" duration-ms="425190">
      <class name="qalegend.PaymentAccountModule">
        <test-method is-config="true" signature="urlLaunch(java.lang.String)[pri:0, instance:qalegend.PaymentAccountModule@7d61eb55]" started-at="2023-06-13T19:51:23 IST" name="urlLaunch" finished-at="2023-06-13T19:51:29 IST" duration-ms="6447" status="PASS">
          <params>
            <param index="0">
              <value>
                <![CDATA[chrome]]>
              </value>
            </param>
          </params>
          <reporter-output>
          </reporter-output>
        </test-method> <!-- urlLaunch -->
        <test-method signature="verifyAccountCanBeEditedSuccessfully(java.lang.String,java.lang.String,java.lang.String,java.lang.String)[pri:0, instance:qalegend.PaymentAccountModule@7d61eb55]" started-at="2023-06-13T19:51:29 IST" name="verifyAccountCanBeEditedSuccessfully" data-provider="testCase27" finished-at="2023-06-13T19:51:38 IST" duration-ms="8673" status="PASS">
          <params>
            <param index="0">
              <value>
                <![CDATA[admin]]>
              </value>
            </param>
            <param index="1">
              <value>
                <![CDATA[123123]]>
              </value>
            </param>
            <param index="2">
              <value>
                <![CDATA[195]]>
              </value>
            </param>
            <param index="3">
              <value>
                <![CDATA[195edit]]>
              </value>
            </param>
          </params>
          <reporter-output>
          </reporter-output>
        </test-method> <!-- verifyAccountCanBeEditedSuccessfully -->
        <test-method is-config="true" signature="tearDown(org.testng.ITestResult)[pri:0, instance:qalegend.PaymentAccountModule@7d61eb55]" started-at="2023-06-13T19:51:38 IST" name="tearDown" finished-at="2023-06-13T19:51:38 IST" duration-ms="172" status="PASS">
          <params>
            <param index="0">
              <value>
                <![CDATA[[TestResult name=verifyAccountCanBeEditedSuccessfully status=SUCCESS method=PaymentAccountModule.verifyAccountCanBeEditedSuccessfully(java.lang.String,java.lang.String,java.lang.String,java.lang.String)[pri:0, instance:qalegend.PaymentAccountModule@7d61eb55] output={null}]]]>
              </value>
            </param>
          </params>
          <reporter-output>
          </reporter-output>
        </test-method> <!-- tearDown -->
        <test-method is-config="true" signature="urlLaunch(java.lang.String)[pri:0, instance:qalegend.PaymentAccountModule@7d61eb55]" started-at="2023-06-13T19:51:38 IST" name="urlLaunch" finished-at="2023-06-13T19:51:44 IST" duration-ms="5718" status="PASS">
          <params>
            <param index="0">
              <value>
                <![CDATA[chrome]]>
              </value>
            </param>
          </params>
          <reporter-output>
          </reporter-output>
        </test-method> <!-- urlLaunch -->
        <test-method signature="verifyBalanceIncreasesWithDeposits(java.lang.String,java.lang.String,java.lang.String,java.lang.String,java.lang.String,java.lang.String,java.lang.String)[pri:0, instance:qalegend.PaymentAccountModule@7d61eb55]" started-at="2023-06-13T19:51:44 IST" name="verifyBalanceIncreasesWithDeposits" data-provider="testCase26" finished-at="2023-06-13T19:51:56 IST" duration-ms="12682" status="PASS">
          <params>
            <param index="0">
              <value>
                <![CDATA[admin]]>
              </value>
            </param>
            <param index="1">
              <value>
                <![CDATA[123123]]>
              </value>
            </param>
            <param index="2">
              <value>
                <![CDATA[depositcheck]]>
              </value>
            </param>
            <param index="3">
              <value>
                <![CDATA[100]]>
              </value>
            </param>
            <param index="4">
              <value>
                <![CDATA[transfercheck]]>
              </value>
            </param>
            <param index="5">
              <value>
                <![CDATA[04/04/2023]]>
              </value>
            </param>
            <param index="6">
              <value>
                <![CDATA[3100]]>
              </value>
            </param>
          </params>
          <reporter-output>
          </reporter-output>
        </test-method> <!-- verifyBalanceIncreasesWithDeposits -->
        <test-method is-config="true" signature="tearDown(org.testng.ITestResult)[pri:0, instance:qalegend.PaymentAccountModule@7d61eb55]" started-at="2023-06-13T19:51:56 IST" name="tearDown" finished-at="2023-06-13T19:51:57 IST" duration-ms="148" status="PASS">
          <params>
            <param index="0">
              <value>
                <![CDATA[[TestResult name=verifyBalanceIncreasesWithDeposits status=SUCCESS method=PaymentAccountModule.verifyBalanceIncreasesWithDeposits(java.lang.String,java.lang.String,java.lang.String,java.lang.String,java.lang.String,java.lang.String,java.lang.String)[pri:0, instance:qalegend.PaymentAccountModule@7d61eb55] output={null}]]]>
              </value>
            </param>
          </params>
          <reporter-output>
          </reporter-output>
        </test-method> <!-- tearDown -->
        <test-method is-config="true" signature="urlLaunch(java.lang.String)[pri:0, instance:qalegend.PaymentAccountModule@7d61eb55]" started-at="2023-06-13T19:51:57 IST" name="urlLaunch" finished-at="2023-06-13T19:52:05 IST" duration-ms="7884" status="PASS">
          <params>
            <param index="0">
              <value>
                <![CDATA[chrome]]>
              </value>
            </param>
          </params>
          <reporter-output>
          </reporter-output>
        </test-method> <!-- urlLaunch -->
        <test-method signature="verifyBalanceShownInPaymentAccountsPageIsCorrect(java.lang.String,java.lang.String,java.lang.String,java.lang.String,java.lang.String,java.lang.String,java.lang.String,java.lang.String,java.lang.String,java.lang.String)[pri:0, instance:qalegend.PaymentAccountModule@7d61eb55]" started-at="2023-06-13T19:52:05 IST" name="verifyBalanceShownInPaymentAccountsPageIsCorrect" data-provider="testcase25" finished-at="2023-06-13T19:52:19 IST" duration-ms="14189" status="PASS">
          <params>
            <param index="0">
              <value>
                <![CDATA[admin]]>
              </value>
            </param>
            <param index="1">
              <value>
                <![CDATA[123123]]>
              </value>
            </param>
            <param index="2">
              <value>
                <![CDATA[WidowReMarriage]]>
              </value>
            </param>
            <param index="3">
              <value>
                <![CDATA[159159478]]>
              </value>
            </param>
            <param index="4">
              <value>
                <![CDATA[2000]]>
              </value>
            </param>
            <param index="5">
              <value>
                <![CDATA[WidowReMarriage]]>
              </value>
            </param>
            <param index="6">
              <value>
                <![CDATA[CheckNewProj]]>
              </value>
            </param>
            <param index="7">
              <value>
                <![CDATA[100]]>
              </value>
            </param>
            <param index="8">
              <value>
                <![CDATA[06/11/2023]]>
              </value>
            </param>
            <param index="9">
              <value>
                <![CDATA[1900]]>
              </value>
            </param>
          </params>
          <reporter-output>
          </reporter-output>
        </test-method> <!-- verifyBalanceShownInPaymentAccountsPageIsCorrect -->
        <test-method is-config="true" signature="tearDown(org.testng.ITestResult)[pri:0, instance:qalegend.PaymentAccountModule@7d61eb55]" started-at="2023-06-13T19:52:19 IST" name="tearDown" finished-at="2023-06-13T19:52:19 IST" duration-ms="159" status="PASS">
          <params>
            <param index="0">
              <value>
                <![CDATA[[TestResult name=verifyBalanceShownInPaymentAccountsPageIsCorrect status=SUCCESS method=PaymentAccountModule.verifyBalanceShownInPaymentAccountsPageIsCorrect(java.lang.String,java.lang.String,java.lang.String,java.lang.String,java.lang.String,java.lang.String,java.lang.String,java.lang.String,java.lang.String,java.lang.String)[pri:0, instance:qalegend.PaymentAccountModule@7d61eb55] output={null}]]]>
              </value>
            </param>
          </params>
          <reporter-output>
          </reporter-output>
        </test-method> <!-- tearDown -->
        <test-method is-config="true" signature="urlLaunch(java.lang.String)[pri:0, instance:qalegend.PaymentAccountModule@7d61eb55]" started-at="2023-06-13T19:52:19 IST" name="urlLaunch" finished-at="2023-06-13T19:52:24 IST" duration-ms="5045" status="PASS">
          <params>
            <param index="0">
              <value>
                <![CDATA[chrome]]>
              </value>
            </param>
          </params>
          <reporter-output>
          </reporter-output>
        </test-method> <!-- urlLaunch -->
        <test-method signature="verifyClosedAccountsAreNotDisplayedForFundTransferTOAccountDropdown(java.lang.String,java.lang.String,java.lang.String,java.lang.String)[pri:0, instance:qalegend.PaymentAccountModule@7d61eb55]" started-at="2023-06-13T19:52:24 IST" name="verifyClosedAccountsAreNotDisplayedForFundTransferTOAccountDropdown" data-provider="testCase30" finished-at="2023-06-13T19:52:35 IST" duration-ms="10860" status="PASS">
          <params>
            <param index="0">
              <value>
                <![CDATA[admin]]>
              </value>
            </param>
            <param index="1">
              <value>
                <![CDATA[123123]]>
              </value>
            </param>
            <param index="2">
              <value>
                <![CDATA[Oberon]]>
              </value>
            </param>
            <param index="3">
              <value>
                <![CDATA[Unique Close Account]]>
              </value>
            </param>
          </params>
          <reporter-output>
          </reporter-output>
        </test-method> <!-- verifyClosedAccountsAreNotDisplayedForFundTransferTOAccountDropdown -->
        <test-method is-config="true" signature="tearDown(org.testng.ITestResult)[pri:0, instance:qalegend.PaymentAccountModule@7d61eb55]" started-at="2023-06-13T19:52:35 IST" name="tearDown" finished-at="2023-06-13T19:52:35 IST" duration-ms="131" status="PASS">
          <params>
            <param index="0">
              <value>
                <![CDATA[[TestResult name=verifyClosedAccountsAreNotDisplayedForFundTransferTOAccountDropdown status=SUCCESS method=PaymentAccountModule.verifyClosedAccountsAreNotDisplayedForFundTransferTOAccountDropdown(java.lang.String,java.lang.String,java.lang.String,java.lang.String)[pri:0, instance:qalegend.PaymentAccountModule@7d61eb55] output={null}]]]>
              </value>
            </param>
          </params>
          <reporter-output>
          </reporter-output>
        </test-method> <!-- tearDown -->
        <test-method is-config="true" signature="urlLaunch(java.lang.String)[pri:0, instance:qalegend.PaymentAccountModule@7d61eb55]" started-at="2023-06-13T19:52:35 IST" name="urlLaunch" finished-at="2023-06-13T19:52:41 IST" duration-ms="6042" status="PASS">
          <params>
            <param index="0">
              <value>
                <![CDATA[chrome]]>
              </value>
            </param>
          </params>
          <reporter-output>
          </reporter-output>
        </test-method> <!-- urlLaunch -->
        <test-method signature="verifyUserIsAbleToAddAccountSuccessfully(java.lang.String,java.lang.String,java.lang.String,java.lang.String,java.lang.String)[pri:0, instance:qalegend.PaymentAccountModule@7d61eb55]" started-at="2023-06-13T19:52:41 IST" name="verifyUserIsAbleToAddAccountSuccessfully" data-provider="testcase23" finished-at="2023-06-13T19:52:47 IST" duration-ms="6399" status="PASS">
          <params>
            <param index="0">
              <value>
                <![CDATA[admin]]>
              </value>
            </param>
            <param index="1">
              <value>
                <![CDATA[123123]]>
              </value>
            </param>
            <param index="2">
              <value>
                <![CDATA[FirstCry2000]]>
              </value>
            </param>
            <param index="3">
              <value>
                <![CDATA[141574157]]>
              </value>
            </param>
            <param index="4">
              <value>
                <![CDATA[5000]]>
              </value>
            </param>
          </params>
          <reporter-output>
          </reporter-output>
        </test-method> <!-- verifyUserIsAbleToAddAccountSuccessfully -->
        <test-method is-config="true" signature="tearDown(org.testng.ITestResult)[pri:0, instance:qalegend.PaymentAccountModule@7d61eb55]" started-at="2023-06-13T19:52:47 IST" name="tearDown" finished-at="2023-06-13T19:52:48 IST" duration-ms="160" status="PASS">
          <params>
            <param index="0">
              <value>
                <![CDATA[[TestResult name=verifyUserIsAbleToAddAccountSuccessfully status=SUCCESS method=PaymentAccountModule.verifyUserIsAbleToAddAccountSuccessfully(java.lang.String,java.lang.String,java.lang.String,java.lang.String,java.lang.String)[pri:0, instance:qalegend.PaymentAccountModule@7d61eb55] output={null}]]]>
              </value>
            </param>
          </params>
          <reporter-output>
          </reporter-output>
        </test-method> <!-- tearDown -->
        <test-method is-config="true" signature="urlLaunch(java.lang.String)[pri:0, instance:qalegend.PaymentAccountModule@7d61eb55]" started-at="2023-06-13T19:52:48 IST" name="urlLaunch" finished-at="2023-06-13T19:52:54 IST" duration-ms="5881" status="PASS">
          <params>
            <param index="0">
              <value>
                <![CDATA[chrome]]>
              </value>
            </param>
          </params>
          <reporter-output>
          </reporter-output>
        </test-method> <!-- urlLaunch -->
        <test-method signature="verifyUserIsAbleToCloseAccountOnAcceptingConfirmationPopUp(java.lang.String,java.lang.String,java.lang.String)[pri:0, instance:qalegend.PaymentAccountModule@7d61eb55]" started-at="2023-06-13T19:52:54 IST" name="verifyUserIsAbleToCloseAccountOnAcceptingConfirmationPopUp" data-provider="testCase29" finished-at="2023-06-13T19:53:02 IST" duration-ms="8850" status="PASS">
          <params>
            <param index="0">
              <value>
                <![CDATA[admin]]>
              </value>
            </param>
            <param index="1">
              <value>
                <![CDATA[123123]]>
              </value>
            </param>
            <param index="2">
              <value>
                <![CDATA[173]]>
              </value>
            </param>
          </params>
          <reporter-output>
          </reporter-output>
        </test-method> <!-- verifyUserIsAbleToCloseAccountOnAcceptingConfirmationPopUp -->
        <test-method is-config="true" signature="tearDown(org.testng.ITestResult)[pri:0, instance:qalegend.PaymentAccountModule@7d61eb55]" started-at="2023-06-13T19:53:02 IST" name="tearDown" finished-at="2023-06-13T19:53:03 IST" duration-ms="237" status="PASS">
          <params>
            <param index="0">
              <value>
                <![CDATA[[TestResult name=verifyUserIsAbleToCloseAccountOnAcceptingConfirmationPopUp status=SUCCESS method=PaymentAccountModule.verifyUserIsAbleToCloseAccountOnAcceptingConfirmationPopUp(java.lang.String,java.lang.String,java.lang.String)[pri:0, instance:qalegend.PaymentAccountModule@7d61eb55] output={null}]]]>
              </value>
            </param>
          </params>
          <reporter-output>
          </reporter-output>
        </test-method> <!-- tearDown -->
        <test-method is-config="true" signature="urlLaunch(java.lang.String)[pri:0, instance:qalegend.PaymentAccountModule@7d61eb55]" started-at="2023-06-13T19:53:03 IST" name="urlLaunch" finished-at="2023-06-13T19:53:08 IST" duration-ms="5735" status="PASS">
          <params>
            <param index="0">
              <value>
                <![CDATA[chrome]]>
              </value>
            </param>
          </params>
          <reporter-output>
          </reporter-output>
        </test-method> <!-- urlLaunch -->
        <test-method signature="verifyUserIsAbleToTransferFundSuccessfully(java.lang.String,java.lang.String,java.lang.String,java.lang.String,java.lang.String,java.lang.String)[pri:0, instance:qalegend.PaymentAccountModule@7d61eb55]" started-at="2023-06-13T19:53:08 IST" name="verifyUserIsAbleToTransferFundSuccessfully" data-provider="testcase24" finished-at="2023-06-13T19:53:18 IST" duration-ms="9451" status="PASS">
          <params>
            <param index="0">
              <value>
                <![CDATA[admin]]>
              </value>
            </param>
            <param index="1">
              <value>
                <![CDATA[123123]]>
              </value>
            </param>
            <param index="2">
              <value>
                <![CDATA[Trends]]>
              </value>
            </param>
            <param index="3">
              <value>
                <![CDATA[Reliance]]>
              </value>
            </param>
            <param index="4">
              <value>
                <![CDATA[100]]>
              </value>
            </param>
            <param index="5">
              <value>
                <![CDATA[06/11/2023]]>
              </value>
            </param>
          </params>
          <reporter-output>
          </reporter-output>
        </test-method> <!-- verifyUserIsAbleToTransferFundSuccessfully -->
        <test-method is-config="true" signature="tearDown(org.testng.ITestResult)[pri:0, instance:qalegend.PaymentAccountModule@7d61eb55]" started-at="2023-06-13T19:53:18 IST" name="tearDown" finished-at="2023-06-13T19:53:18 IST" duration-ms="173" status="PASS">
          <params>
            <param index="0">
              <value>
                <![CDATA[[TestResult name=verifyUserIsAbleToTransferFundSuccessfully status=SUCCESS method=PaymentAccountModule.verifyUserIsAbleToTransferFundSuccessfully(java.lang.String,java.lang.String,java.lang.String,java.lang.String,java.lang.String,java.lang.String)[pri:0, instance:qalegend.PaymentAccountModule@7d61eb55] output={null}]]]>
              </value>
            </param>
          </params>
          <reporter-output>
          </reporter-output>
        </test-method> <!-- tearDown -->
        <test-method is-config="true" signature="urlLaunch(java.lang.String)[pri:0, instance:qalegend.PaymentAccountModule@7d61eb55]" started-at="2023-06-13T19:53:18 IST" name="urlLaunch" finished-at="2023-06-13T19:53:25 IST" duration-ms="6915" status="PASS">
          <params>
            <param index="0">
              <value>
                <![CDATA[chrome]]>
              </value>
            </param>
          </params>
          <reporter-output>
          </reporter-output>
        </test-method> <!-- urlLaunch -->
        <test-method signature="verifyUserIsNotAbleToCloseAccountOnCancellingConfirmationPopUp(java.lang.String,java.lang.String,java.lang.String)[pri:0, instance:qalegend.PaymentAccountModule@7d61eb55]" started-at="2023-06-13T19:53:25 IST" name="verifyUserIsNotAbleToCloseAccountOnCancellingConfirmationPopUp" data-provider="testCase28" finished-at="2023-06-13T19:53:36 IST" duration-ms="11210" status="PASS">
          <params>
            <param index="0">
              <value>
                <![CDATA[admin]]>
              </value>
            </param>
            <param index="1">
              <value>
                <![CDATA[123123]]>
              </value>
            </param>
            <param index="2">
              <value>
                <![CDATA[NewJio]]>
              </value>
            </param>
          </params>
          <reporter-output>
          </reporter-output>
        </test-method> <!-- verifyUserIsNotAbleToCloseAccountOnCancellingConfirmationPopUp -->
        <test-method is-config="true" signature="tearDown(org.testng.ITestResult)[pri:0, instance:qalegend.PaymentAccountModule@7d61eb55]" started-at="2023-06-13T19:53:36 IST" name="tearDown" finished-at="2023-06-13T19:53:36 IST" duration-ms="166" status="PASS">
          <params>
            <param index="0">
              <value>
                <![CDATA[[TestResult name=verifyUserIsNotAbleToCloseAccountOnCancellingConfirmationPopUp status=SUCCESS method=PaymentAccountModule.verifyUserIsNotAbleToCloseAccountOnCancellingConfirmationPopUp(java.lang.String,java.lang.String,java.lang.String)[pri:0, instance:qalegend.PaymentAccountModule@7d61eb55] output={null}]]]>
              </value>
            </param>
          </params>
          <reporter-output>
          </reporter-output>
        </test-method> <!-- tearDown -->
      </class> <!-- qalegend.PaymentAccountModule -->
      <class name="qalegend.UserManagementModule">
        <test-method is-config="true" signature="urlLaunch(java.lang.String)[pri:0, instance:qalegend.UserManagementModule@4149c063]" started-at="2023-06-13T19:46:48 IST" name="urlLaunch" finished-at="2023-06-13T19:46:53 IST" duration-ms="5220" status="PASS">
          <params>
            <param index="0">
              <value>
                <![CDATA[chrome]]>
              </value>
            </param>
          </params>
          <reporter-output>
          </reporter-output>
        </test-method> <!-- urlLaunch -->
        <test-method signature="verifyEditUserFunction(java.lang.String,java.lang.String,java.lang.String,java.lang.String)[pri:0, instance:qalegend.UserManagementModule@4149c063]" started-at="2023-06-13T19:46:53 IST" name="verifyEditUserFunction" data-provider="editUserCase" finished-at="2023-06-13T19:47:04 IST" duration-ms="10563" status="PASS">
          <params>
            <param index="0">
              <value>
                <![CDATA[admin]]>
              </value>
            </param>
            <param index="1">
              <value>
                <![CDATA[123123]]>
              </value>
            </param>
            <param index="2">
              <value>
                <![CDATA[raddy64321]]>
              </value>
            </param>
            <param index="3">
              <value>
                <![CDATA[14]]>
              </value>
            </param>
          </params>
          <reporter-output>
          </reporter-output>
        </test-method> <!-- verifyEditUserFunction -->
        <test-method is-config="true" signature="tearDown(org.testng.ITestResult)[pri:0, instance:qalegend.UserManagementModule@4149c063]" started-at="2023-06-13T19:47:04 IST" name="tearDown" finished-at="2023-06-13T19:47:04 IST" duration-ms="121" status="PASS">
          <params>
            <param index="0">
              <value>
                <![CDATA[[TestResult name=verifyEditUserFunction status=SUCCESS method=UserManagementModule.verifyEditUserFunction(java.lang.String,java.lang.String,java.lang.String,java.lang.String)[pri:0, instance:qalegend.UserManagementModule@4149c063] output={null}]]]>
              </value>
            </param>
          </params>
          <reporter-output>
          </reporter-output>
        </test-method> <!-- tearDown -->
        <test-method is-config="true" signature="urlLaunch(java.lang.String)[pri:0, instance:qalegend.UserManagementModule@4149c063]" started-at="2023-06-13T19:47:04 IST" name="urlLaunch" finished-at="2023-06-13T19:47:08 IST" duration-ms="3979" status="PASS">
          <params>
            <param index="0">
              <value>
                <![CDATA[chrome]]>
              </value>
            </param>
          </params>
          <reporter-output>
          </reporter-output>
        </test-method> <!-- urlLaunch -->
        <test-method signature="verifyInactiveUserCase(java.lang.String,java.lang.String,java.lang.String,java.lang.String,java.lang.String)[pri:0, instance:qalegend.UserManagementModule@4149c063]" started-at="2023-06-13T19:47:08 IST" name="verifyInactiveUserCase" data-provider="inactiveUser" finished-at="2023-06-13T19:47:23 IST" duration-ms="15323" status="PASS">
          <params>
            <param index="0">
              <value>
                <![CDATA[admin]]>
              </value>
            </param>
            <param index="1">
              <value>
                <![CDATA[123123]]>
              </value>
            </param>
            <param index="2">
              <value>
                <![CDATA[raddy64321]]>
              </value>
            </param>
            <param index="3">
              <value>
                <![CDATA[raddy64321]]>
              </value>
            </param>
            <param index="4">
              <value>
                <![CDATA[Password@123]]>
              </value>
            </param>
          </params>
          <reporter-output>
          </reporter-output>
        </test-method> <!-- verifyInactiveUserCase -->
        <test-method is-config="true" signature="tearDown(org.testng.ITestResult)[pri:0, instance:qalegend.UserManagementModule@4149c063]" started-at="2023-06-13T19:47:23 IST" name="tearDown" finished-at="2023-06-13T19:47:24 IST" duration-ms="123" status="PASS">
          <params>
            <param index="0">
              <value>
                <![CDATA[[TestResult name=verifyInactiveUserCase status=SUCCESS method=UserManagementModule.verifyInactiveUserCase(java.lang.String,java.lang.String,java.lang.String,java.lang.String,java.lang.String)[pri:0, instance:qalegend.UserManagementModule@4149c063] output={null}]]]>
              </value>
            </param>
          </params>
          <reporter-output>
          </reporter-output>
        </test-method> <!-- tearDown -->
        <test-method is-config="true" signature="urlLaunch(java.lang.String)[pri:0, instance:qalegend.UserManagementModule@4149c063]" started-at="2023-06-13T19:47:24 IST" name="urlLaunch" finished-at="2023-06-13T19:47:29 IST" duration-ms="5733" status="PASS">
          <params>
            <param index="0">
              <value>
                <![CDATA[chrome]]>
              </value>
            </param>
          </params>
          <reporter-output>
          </reporter-output>
        </test-method> <!-- urlLaunch -->
        <test-method signature="verifySearchUserFunctionality(java.lang.String,java.lang.String,java.lang.String)[pri:0, instance:qalegend.UserManagementModule@4149c063]" started-at="2023-06-13T19:47:29 IST" name="verifySearchUserFunctionality" data-provider="searchUser" finished-at="2023-06-13T19:47:36 IST" duration-ms="6913" status="PASS">
          <params>
            <param index="0">
              <value>
                <![CDATA[admin]]>
              </value>
            </param>
            <param index="1">
              <value>
                <![CDATA[123123]]>
              </value>
            </param>
            <param index="2">
              <value>
                <![CDATA[Zana123]]>
              </value>
            </param>
          </params>
          <reporter-output>
          </reporter-output>
        </test-method> <!-- verifySearchUserFunctionality -->
        <test-method is-config="true" signature="tearDown(org.testng.ITestResult)[pri:0, instance:qalegend.UserManagementModule@4149c063]" started-at="2023-06-13T19:47:36 IST" name="tearDown" finished-at="2023-06-13T19:47:36 IST" duration-ms="162" status="PASS">
          <params>
            <param index="0">
              <value>
                <![CDATA[[TestResult name=verifySearchUserFunctionality status=SUCCESS method=UserManagementModule.verifySearchUserFunctionality(java.lang.String,java.lang.String,java.lang.String)[pri:0, instance:qalegend.UserManagementModule@4149c063] output={null}]]]>
              </value>
            </param>
          </params>
          <reporter-output>
          </reporter-output>
        </test-method> <!-- tearDown -->
        <test-method is-config="true" signature="urlLaunch(java.lang.String)[pri:0, instance:qalegend.UserManagementModule@4149c063]" started-at="2023-06-13T19:47:37 IST" name="urlLaunch" finished-at="2023-06-13T19:47:41 IST" duration-ms="4745" status="PASS">
          <params>
            <param index="0">
              <value>
                <![CDATA[chrome]]>
              </value>
            </param>
          </params>
          <reporter-output>
          </reporter-output>
        </test-method> <!-- urlLaunch -->
        <test-method signature="verifyUserCreationWithValidData(java.lang.String,java.lang.String,java.lang.String)[pri:0, instance:qalegend.UserManagementModule@4149c063]" started-at="2023-06-13T19:47:41 IST" name="verifyUserCreationWithValidData" data-provider="Userdata" finished-at="2023-06-13T19:47:52 IST" duration-ms="11167" status="PASS">
          <params>
            <param index="0">
              <value>
                <![CDATA[admin]]>
              </value>
            </param>
            <param index="1">
              <value>
                <![CDATA[123123]]>
              </value>
            </param>
            <param index="2">
              <value>
                <![CDATA[Specialist]]>
              </value>
            </param>
          </params>
          <reporter-output>
          </reporter-output>
        </test-method> <!-- verifyUserCreationWithValidData -->
        <test-method is-config="true" signature="tearDown(org.testng.ITestResult)[pri:0, instance:qalegend.UserManagementModule@4149c063]" started-at="2023-06-13T19:47:52 IST" name="tearDown" finished-at="2023-06-13T19:47:53 IST" duration-ms="109" status="PASS">
          <params>
            <param index="0">
              <value>
                <![CDATA[[TestResult name=verifyUserCreationWithValidData status=SUCCESS method=UserManagementModule.verifyUserCreationWithValidData(java.lang.String,java.lang.String,java.lang.String)[pri:0, instance:qalegend.UserManagementModule@4149c063] output={null}]]]>
              </value>
            </param>
          </params>
          <reporter-output>
          </reporter-output>
        </test-method> <!-- tearDown -->
        <test-method is-config="true" signature="urlLaunch(java.lang.String)[pri:0, instance:qalegend.UserManagementModule@4149c063]" started-at="2023-06-13T19:47:53 IST" name="urlLaunch" finished-at="2023-06-13T19:47:57 IST" duration-ms="4221" status="PASS">
          <params>
            <param index="0">
              <value>
                <![CDATA[chrome]]>
              </value>
            </param>
          </params>
          <reporter-output>
          </reporter-output>
        </test-method> <!-- urlLaunch -->
        <test-method signature="verifyUserDeletedOnAcceptingConfirmationMessage(java.lang.String,java.lang.String,java.lang.String)[pri:0, instance:qalegend.UserManagementModule@4149c063]" started-at="2023-06-13T19:47:57 IST" name="verifyUserDeletedOnAcceptingConfirmationMessage" data-provider="acceptDeleteRequest" finished-at="2023-06-13T19:48:05 IST" duration-ms="7636" status="PASS">
          <params>
            <param index="0">
              <value>
                <![CDATA[admin]]>
              </value>
            </param>
            <param index="1">
              <value>
                <![CDATA[123123]]>
              </value>
            </param>
            <param index="2">
              <value>
                <![CDATA[2282]]>
              </value>
            </param>
          </params>
          <reporter-output>
          </reporter-output>
        </test-method> <!-- verifyUserDeletedOnAcceptingConfirmationMessage -->
        <test-method is-config="true" signature="tearDown(org.testng.ITestResult)[pri:0, instance:qalegend.UserManagementModule@4149c063]" started-at="2023-06-13T19:48:05 IST" name="tearDown" finished-at="2023-06-13T19:48:05 IST" duration-ms="171" status="PASS">
          <params>
            <param index="0">
              <value>
                <![CDATA[[TestResult name=verifyUserDeletedOnAcceptingConfirmationMessage status=SUCCESS method=UserManagementModule.verifyUserDeletedOnAcceptingConfirmationMessage(java.lang.String,java.lang.String,java.lang.String)[pri:0, instance:qalegend.UserManagementModule@4149c063] output={null}]]]>
              </value>
            </param>
          </params>
          <reporter-output>
          </reporter-output>
        </test-method> <!-- tearDown -->
        <test-method is-config="true" signature="urlLaunch(java.lang.String)[pri:0, instance:qalegend.UserManagementModule@4149c063]" started-at="2023-06-13T19:48:05 IST" name="urlLaunch" finished-at="2023-06-13T19:48:12 IST" duration-ms="6866" status="PASS">
          <params>
            <param index="0">
              <value>
                <![CDATA[chrome]]>
              </value>
            </param>
          </params>
          <reporter-output>
          </reporter-output>
        </test-method> <!-- urlLaunch -->
        <test-method signature="verifyUserNotDeletedOnClickingCancelOfConfirmationMessage(java.lang.String,java.lang.String,java.lang.String)[pri:0, instance:qalegend.UserManagementModule@4149c063]" started-at="2023-06-13T19:48:12 IST" name="verifyUserNotDeletedOnClickingCancelOfConfirmationMessage" data-provider="cancelDeleteUser" finished-at="2023-06-13T19:48:20 IST" duration-ms="8639" status="PASS">
          <params>
            <param index="0">
              <value>
                <![CDATA[admin]]>
              </value>
            </param>
            <param index="1">
              <value>
                <![CDATA[123123]]>
              </value>
            </param>
            <param index="2">
              <value>
                <![CDATA[george8894]]>
              </value>
            </param>
          </params>
          <reporter-output>
          </reporter-output>
        </test-method> <!-- verifyUserNotDeletedOnClickingCancelOfConfirmationMessage -->
        <test-method is-config="true" signature="tearDown(org.testng.ITestResult)[pri:0, instance:qalegend.UserManagementModule@4149c063]" started-at="2023-06-13T19:48:20 IST" name="tearDown" finished-at="2023-06-13T19:48:20 IST" duration-ms="151" status="PASS">
          <params>
            <param index="0">
              <value>
                <![CDATA[[TestResult name=verifyUserNotDeletedOnClickingCancelOfConfirmationMessage status=SUCCESS method=UserManagementModule.verifyUserNotDeletedOnClickingCancelOfConfirmationMessage(java.lang.String,java.lang.String,java.lang.String)[pri:0, instance:qalegend.UserManagementModule@4149c063] output={null}]]]>
              </value>
            </param>
          </params>
          <reporter-output>
          </reporter-output>
        </test-method> <!-- tearDown -->
        <test-method is-config="true" signature="urlLaunch(java.lang.String)[pri:0, instance:qalegend.UserManagementModule@4149c063]" started-at="2023-06-13T19:48:21 IST" name="urlLaunch" finished-at="2023-06-13T19:48:26 IST" duration-ms="5738" status="PASS">
          <params>
            <param index="0">
              <value>
                <![CDATA[chrome]]>
              </value>
            </param>
          </params>
          <reporter-output>
          </reporter-output>
        </test-method> <!-- urlLaunch -->
        <test-method signature="verifyViewUserFunctionality(java.lang.String,java.lang.String,java.lang.String)[pri:0, instance:qalegend.UserManagementModule@4149c063]" started-at="2023-06-13T19:48:26 IST" name="verifyViewUserFunctionality" data-provider="viewUser" finished-at="2023-06-13T19:48:35 IST" duration-ms="8706" status="PASS">
          <params>
            <param index="0">
              <value>
                <![CDATA[admin]]>
              </value>
            </param>
            <param index="1">
              <value>
                <![CDATA[123123]]>
              </value>
            </param>
            <param index="2">
              <value>
                <![CDATA[raddy64321]]>
              </value>
            </param>
          </params>
          <reporter-output>
          </reporter-output>
        </test-method> <!-- verifyViewUserFunctionality -->
        <test-method is-config="true" signature="tearDown(org.testng.ITestResult)[pri:0, instance:qalegend.UserManagementModule@4149c063]" started-at="2023-06-13T19:48:35 IST" name="tearDown" finished-at="2023-06-13T19:48:35 IST" duration-ms="161" status="PASS">
          <params>
            <param index="0">
              <value>
                <![CDATA[[TestResult name=verifyViewUserFunctionality status=SUCCESS method=UserManagementModule.verifyViewUserFunctionality(java.lang.String,java.lang.String,java.lang.String)[pri:0, instance:qalegend.UserManagementModule@4149c063] output={null}]]]>
              </value>
            </param>
          </params>
          <reporter-output>
          </reporter-output>
        </test-method> <!-- tearDown -->
        <test-method is-config="true" signature="urlLaunch(java.lang.String)[pri:0, instance:qalegend.UserManagementModule@4149c063]" started-at="2023-06-13T19:48:35 IST" name="urlLaunch" finished-at="2023-06-13T19:48:40 IST" duration-ms="4241" status="PASS">
          <params>
            <param index="0">
              <value>
                <![CDATA[chrome]]>
              </value>
            </param>
          </params>
          <reporter-output>
          </reporter-output>
        </test-method> <!-- urlLaunch -->
        <test-method signature="verifyErrorMessageOnEnteringExistingUsernameInUserCreationPage(java.lang.String,java.lang.String,java.lang.String,java.lang.String,java.lang.String,java.lang.String,java.lang.String,java.lang.String)[pri:2, instance:qalegend.UserManagementModule@4149c063]" started-at="2023-06-13T19:48:40 IST" name="verifyErrorMessageOnEnteringExistingUsernameInUserCreationPage" data-provider="ExistingUserdata" finished-at="2023-06-13T19:48:48 IST" duration-ms="8890" status="PASS">
          <params>
            <param index="0">
              <value>
                <![CDATA[admin]]>
              </value>
            </param>
            <param index="1">
              <value>
                <![CDATA[123123]]>
              </value>
            </param>
            <param index="2">
              <value>
                <![CDATA[Balasubramaniam]]>
              </value>
            </param>
            <param index="3">
              <value>
                <![CDATA[bala1234@gmail.com]]>
              </value>
            </param>
            <param index="4">
              <value>
                <![CDATA[Specialist]]>
              </value>
            </param>
            <param index="5">
              <value>
                <![CDATA[bala123]]>
              </value>
            </param>
            <param index="6">
              <value>
                <![CDATA[Password@123]]>
              </value>
            </param>
            <param index="7">
              <value>
                <![CDATA[Password@123]]>
              </value>
            </param>
          </params>
          <reporter-output>
          </reporter-output>
        </test-method> <!-- verifyErrorMessageOnEnteringExistingUsernameInUserCreationPage -->
        <test-method is-config="true" signature="tearDown(org.testng.ITestResult)[pri:0, instance:qalegend.UserManagementModule@4149c063]" started-at="2023-06-13T19:48:48 IST" name="tearDown" finished-at="2023-06-13T19:48:49 IST" duration-ms="122" status="PASS">
          <params>
            <param index="0">
              <value>
                <![CDATA[[TestResult name=verifyErrorMessageOnEnteringExistingUsernameInUserCreationPage status=SUCCESS method=UserManagementModule.verifyErrorMessageOnEnteringExistingUsernameInUserCreationPage(java.lang.String,java.lang.String,java.lang.String,java.lang.String,java.lang.String,java.lang.String,java.lang.String,java.lang.String)[pri:2, instance:qalegend.UserManagementModule@4149c063] output={null}]]]>
              </value>
            </param>
          </params>
          <reporter-output>
          </reporter-output>
        </test-method> <!-- tearDown -->
      </class> <!-- qalegend.UserManagementModule -->
      <class name="qalegend.LoginTestCase">
        <test-method is-config="true" signature="urlLaunch(java.lang.String)[pri:0, instance:qalegend.LoginTestCase@1cf6d1be]" started-at="2023-06-13T19:46:32 IST" name="urlLaunch" finished-at="2023-06-13T19:46:39 IST" duration-ms="6788" status="PASS">
          <params>
            <param index="0">
              <value>
                <![CDATA[chrome]]>
              </value>
            </param>
          </params>
          <reporter-output>
          </reporter-output>
        </test-method> <!-- urlLaunch -->
        <test-method signature="verifyLoginWithValidUsernameAndInvalidPassword(java.lang.String,java.lang.String)[pri:0, instance:qalegend.LoginTestCase@1cf6d1be]" started-at="2023-06-13T19:46:39 IST" name="verifyLoginWithValidUsernameAndInvalidPassword" data-provider="testCase1" finished-at="2023-06-13T19:46:40 IST" duration-ms="1278" status="PASS">
          <params>
            <param index="0">
              <value>
                <![CDATA[admin]]>
              </value>
            </param>
            <param index="1">
              <value>
                <![CDATA[111]]>
              </value>
            </param>
          </params>
          <reporter-output>
          </reporter-output>
        </test-method> <!-- verifyLoginWithValidUsernameAndInvalidPassword -->
        <test-method is-config="true" signature="tearDown(org.testng.ITestResult)[pri:0, instance:qalegend.LoginTestCase@1cf6d1be]" started-at="2023-06-13T19:46:40 IST" name="tearDown" finished-at="2023-06-13T19:46:40 IST" duration-ms="150" status="PASS">
          <params>
            <param index="0">
              <value>
                <![CDATA[[TestResult name=verifyLoginWithValidUsernameAndInvalidPassword status=SUCCESS method=LoginTestCase.verifyLoginWithValidUsernameAndInvalidPassword(java.lang.String,java.lang.String)[pri:0, instance:qalegend.LoginTestCase@1cf6d1be] output={null}]]]>
              </value>
            </param>
          </params>
          <reporter-output>
          </reporter-output>
        </test-method> <!-- tearDown -->
        <test-method is-config="true" signature="urlLaunch(java.lang.String)[pri:0, instance:qalegend.LoginTestCase@1cf6d1be]" started-at="2023-06-13T19:46:41 IST" name="urlLaunch" finished-at="2023-06-13T19:46:45 IST" duration-ms="4214" status="PASS">
          <params>
            <param index="0">
              <value>
                <![CDATA[chrome]]>
              </value>
            </param>
          </params>
          <reporter-output>
          </reporter-output>
        </test-method> <!-- urlLaunch -->
        <test-method signature="verifyLoginWithValidUsernameAndValidPassword(java.lang.String,java.lang.String)[pri:0, instance:qalegend.LoginTestCase@1cf6d1be]" started-at="2023-06-13T19:46:45 IST" name="verifyLoginWithValidUsernameAndValidPassword" data-provider="testdatavalid" finished-at="2023-06-13T19:46:48 IST" duration-ms="2842" status="PASS">
          <params>
            <param index="0">
              <value>
                <![CDATA[admin]]>
              </value>
            </param>
            <param index="1">
              <value>
                <![CDATA[123123]]>
              </value>
            </param>
          </params>
          <reporter-output>
          </reporter-output>
        </test-method> <!-- verifyLoginWithValidUsernameAndValidPassword -->
        <test-method is-config="true" signature="tearDown(org.testng.ITestResult)[pri:0, instance:qalegend.LoginTestCase@1cf6d1be]" started-at="2023-06-13T19:46:48 IST" name="tearDown" finished-at="2023-06-13T19:46:48 IST" duration-ms="151" status="PASS">
          <params>
            <param index="0">
              <value>
                <![CDATA[[TestResult name=verifyLoginWithValidUsernameAndValidPassword status=SUCCESS method=LoginTestCase.verifyLoginWithValidUsernameAndValidPassword(java.lang.String,java.lang.String)[pri:0, instance:qalegend.LoginTestCase@1cf6d1be] output={null}]]]>
              </value>
            </param>
          </params>
          <reporter-output>
          </reporter-output>
        </test-method> <!-- tearDown -->
      </class> <!-- qalegend.LoginTestCase -->
      <class name="qalegend.TaxRateModule">
        <test-method is-config="true" signature="urlLaunch(java.lang.String)[pri:0, instance:qalegend.TaxRateModule@53f3bdbd]" started-at="2023-06-13T19:48:49 IST" name="urlLaunch" finished-at="2023-06-13T19:48:53 IST" duration-ms="4650" status="PASS">
          <params>
            <param index="0">
              <value>
                <![CDATA[chrome]]>
              </value>
            </param>
          </params>
          <reporter-output>
          </reporter-output>
        </test-method> <!-- urlLaunch -->
        <test-method signature="verifyTaxRateCreationOnEnteringValidData(java.lang.String,java.lang.String,java.lang.String,java.lang.String)[pri:0, instance:qalegend.TaxRateModule@53f3bdbd]" started-at="2023-06-13T19:48:53 IST" name="verifyTaxRateCreationOnEnteringValidData" data-provider="taxRateCreation" finished-at="2023-06-13T19:48:59 IST" duration-ms="5580" status="PASS">
          <params>
            <param index="0">
              <value>
                <![CDATA[admin]]>
              </value>
            </param>
            <param index="1">
              <value>
                <![CDATA[123123]]>
              </value>
            </param>
            <param index="2">
              <value>
                <![CDATA[RegimeTaxIndianew]]>
              </value>
            </param>
            <param index="3">
              <value>
                <![CDATA[11]]>
              </value>
            </param>
          </params>
          <reporter-output>
          </reporter-output>
        </test-method> <!-- verifyTaxRateCreationOnEnteringValidData -->
        <test-method is-config="true" signature="tearDown(org.testng.ITestResult)[pri:0, instance:qalegend.TaxRateModule@53f3bdbd]" started-at="2023-06-13T19:48:59 IST" name="tearDown" finished-at="2023-06-13T19:48:59 IST" duration-ms="164" status="PASS">
          <params>
            <param index="0">
              <value>
                <![CDATA[[TestResult name=verifyTaxRateCreationOnEnteringValidData status=SUCCESS method=TaxRateModule.verifyTaxRateCreationOnEnteringValidData(java.lang.String,java.lang.String,java.lang.String,java.lang.String)[pri:0, instance:qalegend.TaxRateModule@53f3bdbd] output={null}]]]>
              </value>
            </param>
          </params>
          <reporter-output>
          </reporter-output>
        </test-method> <!-- tearDown -->
        <test-method is-config="true" signature="urlLaunch(java.lang.String)[pri:0, instance:qalegend.TaxRateModule@53f3bdbd]" started-at="2023-06-13T19:48:59 IST" name="urlLaunch" finished-at="2023-06-13T19:49:03 IST" duration-ms="4362" status="PASS">
          <params>
            <param index="0">
              <value>
                <![CDATA[chrome]]>
              </value>
            </param>
          </params>
          <reporter-output>
          </reporter-output>
        </test-method> <!-- urlLaunch -->
        <test-method signature="verifyTaxRateUsedInTaxGroupCannotBeDeleted(java.lang.String,java.lang.String,java.lang.String)[pri:0, instance:qalegend.TaxRateModule@53f3bdbd]" started-at="2023-06-13T19:49:03 IST" name="verifyTaxRateUsedInTaxGroupCannotBeDeleted" data-provider="testcase17" finished-at="2023-06-13T19:49:10 IST" duration-ms="6179" status="PASS">
          <params>
            <param index="0">
              <value>
                <![CDATA[admin]]>
              </value>
            </param>
            <param index="1">
              <value>
                <![CDATA[123123]]>
              </value>
            </param>
            <param index="2">
              <value>
                <![CDATA[cgst]]>
              </value>
            </param>
          </params>
          <reporter-output>
          </reporter-output>
        </test-method> <!-- verifyTaxRateUsedInTaxGroupCannotBeDeleted -->
        <test-method is-config="true" signature="tearDown(org.testng.ITestResult)[pri:0, instance:qalegend.TaxRateModule@53f3bdbd]" started-at="2023-06-13T19:49:10 IST" name="tearDown" finished-at="2023-06-13T19:49:10 IST" duration-ms="153" status="PASS">
          <params>
            <param index="0">
              <value>
                <![CDATA[[TestResult name=verifyTaxRateUsedInTaxGroupCannotBeDeleted status=SUCCESS method=TaxRateModule.verifyTaxRateUsedInTaxGroupCannotBeDeleted(java.lang.String,java.lang.String,java.lang.String)[pri:0, instance:qalegend.TaxRateModule@53f3bdbd] output={null}]]]>
              </value>
            </param>
          </params>
          <reporter-output>
          </reporter-output>
        </test-method> <!-- tearDown -->
        <test-method is-config="true" signature="urlLaunch(java.lang.String)[pri:0, instance:qalegend.TaxRateModule@53f3bdbd]" started-at="2023-06-13T19:49:10 IST" name="urlLaunch" finished-at="2023-06-13T19:49:16 IST" duration-ms="6442" status="PASS">
          <params>
            <param index="0">
              <value>
                <![CDATA[chrome]]>
              </value>
            </param>
          </params>
          <reporter-output>
          </reporter-output>
        </test-method> <!-- urlLaunch -->
        <test-method signature="verifyUserIsAbleToAddTaxGroupSuccessfully(java.lang.String,java.lang.String,java.lang.String,java.lang.String,java.lang.String)[pri:0, instance:qalegend.TaxRateModule@53f3bdbd]" started-at="2023-06-13T19:49:16 IST" name="verifyUserIsAbleToAddTaxGroupSuccessfully" data-provider="addTaxGroup" finished-at="2023-06-13T19:49:23 IST" duration-ms="6473" status="PASS">
          <params>
            <param index="0">
              <value>
                <![CDATA[admin]]>
              </value>
            </param>
            <param index="1">
              <value>
                <![CDATA[123123]]>
              </value>
            </param>
            <param index="2">
              <value>
                <![CDATA[taxRateNewindia1100]]>
              </value>
            </param>
            <param index="3">
              <value>
                <![CDATA[sgst]]>
              </value>
            </param>
            <param index="4">
              <value>
                <![CDATA[cgst]]>
              </value>
            </param>
          </params>
          <reporter-output>
          </reporter-output>
        </test-method> <!-- verifyUserIsAbleToAddTaxGroupSuccessfully -->
        <test-method is-config="true" signature="tearDown(org.testng.ITestResult)[pri:0, instance:qalegend.TaxRateModule@53f3bdbd]" started-at="2023-06-13T19:49:23 IST" name="tearDown" finished-at="2023-06-13T19:49:23 IST" duration-ms="184" status="PASS">
          <params>
            <param index="0">
              <value>
                <![CDATA[[TestResult name=verifyUserIsAbleToAddTaxGroupSuccessfully status=SUCCESS method=TaxRateModule.verifyUserIsAbleToAddTaxGroupSuccessfully(java.lang.String,java.lang.String,java.lang.String,java.lang.String,java.lang.String)[pri:0, instance:qalegend.TaxRateModule@53f3bdbd] output={null}]]]>
              </value>
            </param>
          </params>
          <reporter-output>
          </reporter-output>
        </test-method> <!-- tearDown -->
        <test-method is-config="true" signature="urlLaunch(java.lang.String)[pri:0, instance:qalegend.TaxRateModule@53f3bdbd]" started-at="2023-06-13T19:49:23 IST" name="urlLaunch" finished-at="2023-06-13T19:49:28 IST" duration-ms="5006" status="PASS">
          <params>
            <param index="0">
              <value>
                <![CDATA[chrome]]>
              </value>
            </param>
          </params>
          <reporter-output>
          </reporter-output>
        </test-method> <!-- urlLaunch -->
        <test-method signature="verifyUserIsAbleToDeleteTaxRateSuccessfully(java.lang.String,java.lang.String,java.lang.String)[pri:0, instance:qalegend.TaxRateModule@53f3bdbd]" started-at="2023-06-13T19:49:28 IST" name="verifyUserIsAbleToDeleteTaxRateSuccessfully" data-provider="deleteTaxRate" finished-at="2023-06-13T19:49:35 IST" duration-ms="6506" status="PASS">
          <params>
            <param index="0">
              <value>
                <![CDATA[admin]]>
              </value>
            </param>
            <param index="1">
              <value>
                <![CDATA[123123]]>
              </value>
            </param>
            <param index="2">
              <value>
                <![CDATA[delete]]>
              </value>
            </param>
          </params>
          <reporter-output>
          </reporter-output>
        </test-method> <!-- verifyUserIsAbleToDeleteTaxRateSuccessfully -->
        <test-method is-config="true" signature="tearDown(org.testng.ITestResult)[pri:0, instance:qalegend.TaxRateModule@53f3bdbd]" started-at="2023-06-13T19:49:35 IST" name="tearDown" finished-at="2023-06-13T19:49:35 IST" duration-ms="159" status="PASS">
          <params>
            <param index="0">
              <value>
                <![CDATA[[TestResult name=verifyUserIsAbleToDeleteTaxRateSuccessfully status=SUCCESS method=TaxRateModule.verifyUserIsAbleToDeleteTaxRateSuccessfully(java.lang.String,java.lang.String,java.lang.String)[pri:0, instance:qalegend.TaxRateModule@53f3bdbd] output={null}]]]>
              </value>
            </param>
          </params>
          <reporter-output>
          </reporter-output>
        </test-method> <!-- tearDown -->
        <test-method is-config="true" signature="urlLaunch(java.lang.String)[pri:0, instance:qalegend.TaxRateModule@53f3bdbd]" started-at="2023-06-13T19:49:35 IST" name="urlLaunch" finished-at="2023-06-13T19:49:40 IST" duration-ms="4799" status="PASS">
          <params>
            <param index="0">
              <value>
                <![CDATA[chrome]]>
              </value>
            </param>
          </params>
          <reporter-output>
          </reporter-output>
        </test-method> <!-- urlLaunch -->
        <test-method signature="verifyUserIsAbleToEditTaxRateSuccessfully(java.lang.String,java.lang.String,java.lang.String,java.lang.String,java.lang.String)[pri:0, instance:qalegend.TaxRateModule@53f3bdbd]" started-at="2023-06-13T19:49:40 IST" name="verifyUserIsAbleToEditTaxRateSuccessfully" data-provider="editTaxRate" finished-at="2023-06-13T19:49:46 IST" duration-ms="6337" status="PASS">
          <params>
            <param index="0">
              <value>
                <![CDATA[admin]]>
              </value>
            </param>
            <param index="1">
              <value>
                <![CDATA[123123]]>
              </value>
            </param>
            <param index="2">
              <value>
                <![CDATA[ValueAddedTaxEdit]]>
              </value>
            </param>
            <param index="3">
              <value>
                <![CDATA[ValueAddedTax]]>
              </value>
            </param>
            <param index="4">
              <value>
                <![CDATA[33]]>
              </value>
            </param>
          </params>
          <reporter-output>
          </reporter-output>
        </test-method> <!-- verifyUserIsAbleToEditTaxRateSuccessfully -->
        <test-method is-config="true" signature="tearDown(org.testng.ITestResult)[pri:0, instance:qalegend.TaxRateModule@53f3bdbd]" started-at="2023-06-13T19:49:46 IST" name="tearDown" finished-at="2023-06-13T19:49:46 IST" duration-ms="157" status="PASS">
          <params>
            <param index="0">
              <value>
                <![CDATA[[TestResult name=verifyUserIsAbleToEditTaxRateSuccessfully status=SUCCESS method=TaxRateModule.verifyUserIsAbleToEditTaxRateSuccessfully(java.lang.String,java.lang.String,java.lang.String,java.lang.String,java.lang.String)[pri:0, instance:qalegend.TaxRateModule@53f3bdbd] output={null}]]]>
              </value>
            </param>
          </params>
          <reporter-output>
          </reporter-output>
        </test-method> <!-- tearDown -->
        <test-method is-config="true" signature="urlLaunch(java.lang.String)[pri:0, instance:qalegend.TaxRateModule@53f3bdbd]" started-at="2023-06-13T19:49:46 IST" name="urlLaunch" finished-at="2023-06-13T19:49:51 IST" duration-ms="5016" status="PASS">
          <params>
            <param index="0">
              <value>
                <![CDATA[chrome]]>
              </value>
            </param>
          </params>
          <reporter-output>
          </reporter-output>
        </test-method> <!-- urlLaunch -->
        <test-method signature="verifyUserIsUnableToAddTaxRateOnLeavingNameFieldBlank(java.lang.String,java.lang.String,java.lang.String,java.lang.String)[pri:0, instance:qalegend.TaxRateModule@53f3bdbd]" started-at="2023-06-13T19:49:51 IST" name="verifyUserIsUnableToAddTaxRateOnLeavingNameFieldBlank" data-provider="invalidNameTaxRate" finished-at="2023-06-13T19:49:57 IST" duration-ms="5563" status="PASS">
          <params>
            <param index="0">
              <value>
                <![CDATA[admin]]>
              </value>
            </param>
            <param index="1">
              <value>
                <![CDATA[123123]]>
              </value>
            </param>
            <param index="2">
              <value>
                <![CDATA[]]>
              </value>
            </param>
            <param index="3">
              <value>
                <![CDATA[11]]>
              </value>
            </param>
          </params>
          <reporter-output>
          </reporter-output>
        </test-method> <!-- verifyUserIsUnableToAddTaxRateOnLeavingNameFieldBlank -->
        <test-method is-config="true" signature="tearDown(org.testng.ITestResult)[pri:0, instance:qalegend.TaxRateModule@53f3bdbd]" started-at="2023-06-13T19:49:57 IST" name="tearDown" finished-at="2023-06-13T19:49:57 IST" duration-ms="162" status="PASS">
          <params>
            <param index="0">
              <value>
                <![CDATA[[TestResult name=verifyUserIsUnableToAddTaxRateOnLeavingNameFieldBlank status=SUCCESS method=TaxRateModule.verifyUserIsUnableToAddTaxRateOnLeavingNameFieldBlank(java.lang.String,java.lang.String,java.lang.String,java.lang.String)[pri:0, instance:qalegend.TaxRateModule@53f3bdbd] output={null}]]]>
              </value>
            </param>
          </params>
          <reporter-output>
          </reporter-output>
        </test-method> <!-- tearDown -->
        <test-method is-config="true" signature="urlLaunch(java.lang.String)[pri:0, instance:qalegend.TaxRateModule@53f3bdbd]" started-at="2023-06-13T19:49:57 IST" name="urlLaunch" finished-at="2023-06-13T19:50:03 IST" duration-ms="5769" status="PASS">
          <params>
            <param index="0">
              <value>
                <![CDATA[chrome]]>
              </value>
            </param>
          </params>
          <reporter-output>
          </reporter-output>
        </test-method> <!-- urlLaunch -->
        <test-method signature="verifyUserIsUnableToAddTaxRateOnLeavingTaxRateFieldBlank(java.lang.String,java.lang.String,java.lang.String,java.lang.String)[pri:0, instance:qalegend.TaxRateModule@53f3bdbd]" started-at="2023-06-13T19:50:03 IST" name="verifyUserIsUnableToAddTaxRateOnLeavingTaxRateFieldBlank" data-provider="invalidTaxRate" finished-at="2023-06-13T19:50:08 IST" duration-ms="5574" status="PASS">
          <params>
            <param index="0">
              <value>
                <![CDATA[admin]]>
              </value>
            </param>
            <param index="1">
              <value>
                <![CDATA[123123]]>
              </value>
            </param>
            <param index="2">
              <value>
                <![CDATA[taxcheck]]>
              </value>
            </param>
            <param index="3">
              <value>
                <![CDATA[]]>
              </value>
            </param>
          </params>
          <reporter-output>
          </reporter-output>
        </test-method> <!-- verifyUserIsUnableToAddTaxRateOnLeavingTaxRateFieldBlank -->
        <test-method is-config="true" signature="tearDown(org.testng.ITestResult)[pri:0, instance:qalegend.TaxRateModule@53f3bdbd]" started-at="2023-06-13T19:50:08 IST" name="tearDown" finished-at="2023-06-13T19:50:09 IST" duration-ms="177" status="PASS">
          <params>
            <param index="0">
              <value>
                <![CDATA[[TestResult name=verifyUserIsUnableToAddTaxRateOnLeavingTaxRateFieldBlank status=SUCCESS method=TaxRateModule.verifyUserIsUnableToAddTaxRateOnLeavingTaxRateFieldBlank(java.lang.String,java.lang.String,java.lang.String,java.lang.String)[pri:0, instance:qalegend.TaxRateModule@53f3bdbd] output={null}]]]>
              </value>
            </param>
          </params>
          <reporter-output>
          </reporter-output>
        </test-method> <!-- tearDown -->
      </class> <!-- qalegend.TaxRateModule -->
      <class name="qalegend.RoleModule">
        <test-method is-config="true" signature="urlLaunch(java.lang.String)[pri:0, instance:qalegend.RoleModule@34129c78]" started-at="2023-06-13T19:50:09 IST" name="urlLaunch" finished-at="2023-06-13T19:50:15 IST" duration-ms="6334" status="PASS">
          <params>
            <param index="0">
              <value>
                <![CDATA[chrome]]>
              </value>
            </param>
          </params>
          <reporter-output>
          </reporter-output>
        </test-method> <!-- urlLaunch -->
        <test-method signature="verifyAddRoleFunction(java.lang.String,java.lang.String,java.lang.String)[pri:0, instance:qalegend.RoleModule@34129c78]" started-at="2023-06-13T19:50:15 IST" name="verifyAddRoleFunction" data-provider="testcase18" finished-at="2023-06-13T19:50:25 IST" duration-ms="10350" status="PASS">
          <params>
            <param index="0">
              <value>
                <![CDATA[admin]]>
              </value>
            </param>
            <param index="1">
              <value>
                <![CDATA[123123]]>
              </value>
            </param>
            <param index="2">
              <value>
                <![CDATA[CMDClub]]>
              </value>
            </param>
          </params>
          <reporter-output>
          </reporter-output>
        </test-method> <!-- verifyAddRoleFunction -->
        <test-method is-config="true" signature="tearDown(org.testng.ITestResult)[pri:0, instance:qalegend.RoleModule@34129c78]" started-at="2023-06-13T19:50:25 IST" name="tearDown" finished-at="2023-06-13T19:50:25 IST" duration-ms="158" status="PASS">
          <params>
            <param index="0">
              <value>
                <![CDATA[[TestResult name=verifyAddRoleFunction status=SUCCESS method=RoleModule.verifyAddRoleFunction(java.lang.String,java.lang.String,java.lang.String)[pri:0, instance:qalegend.RoleModule@34129c78] output={null}]]]>
              </value>
            </param>
          </params>
          <reporter-output>
          </reporter-output>
        </test-method> <!-- tearDown -->
        <test-method is-config="true" signature="urlLaunch(java.lang.String)[pri:0, instance:qalegend.RoleModule@34129c78]" started-at="2023-06-13T19:50:26 IST" name="urlLaunch" finished-at="2023-06-13T19:50:34 IST" duration-ms="8342" status="PASS">
          <params>
            <param index="0">
              <value>
                <![CDATA[chrome]]>
              </value>
            </param>
          </params>
          <reporter-output>
          </reporter-output>
        </test-method> <!-- urlLaunch -->
        <test-method signature="verifyEditRoleFunction(java.lang.String,java.lang.String,java.lang.String,java.lang.String)[pri:0, instance:qalegend.RoleModule@34129c78]" started-at="2023-06-13T19:50:34 IST" name="verifyEditRoleFunction" data-provider="testCase19" finished-at="2023-06-13T19:50:45 IST" duration-ms="11426" status="PASS">
          <params>
            <param index="0">
              <value>
                <![CDATA[admin]]>
              </value>
            </param>
            <param index="1">
              <value>
                <![CDATA[123123]]>
              </value>
            </param>
            <param index="2">
              <value>
                <![CDATA[ProductionControllerEdit]]>
              </value>
            </param>
            <param index="3">
              <value>
                <![CDATA[ProductionController]]>
              </value>
            </param>
          </params>
          <reporter-output>
          </reporter-output>
        </test-method> <!-- verifyEditRoleFunction -->
        <test-method is-config="true" signature="tearDown(org.testng.ITestResult)[pri:0, instance:qalegend.RoleModule@34129c78]" started-at="2023-06-13T19:50:45 IST" name="tearDown" finished-at="2023-06-13T19:50:45 IST" duration-ms="162" status="PASS">
          <params>
            <param index="0">
              <value>
                <![CDATA[[TestResult name=verifyEditRoleFunction status=SUCCESS method=RoleModule.verifyEditRoleFunction(java.lang.String,java.lang.String,java.lang.String,java.lang.String)[pri:0, instance:qalegend.RoleModule@34129c78] output={null}]]]>
              </value>
            </param>
          </params>
          <reporter-output>
          </reporter-output>
        </test-method> <!-- tearDown -->
        <test-method is-config="true" signature="urlLaunch(java.lang.String)[pri:0, instance:qalegend.RoleModule@34129c78]" started-at="2023-06-13T19:50:46 IST" name="urlLaunch" finished-at="2023-06-13T19:50:51 IST" duration-ms="5291" status="PASS">
          <params>
            <param index="0">
              <value>
                <![CDATA[chrome]]>
              </value>
            </param>
          </params>
          <reporter-output>
          </reporter-output>
        </test-method> <!-- urlLaunch -->
        <test-method signature="verifyUserIsAbleToDeleteRoleOnAcceptingConfirmationMessage(java.lang.String,java.lang.String,java.lang.String)[pri:0, instance:qalegend.RoleModule@34129c78]" started-at="2023-06-13T19:50:51 IST" name="verifyUserIsAbleToDeleteRoleOnAcceptingConfirmationMessage" data-provider="testcase22" finished-at="2023-06-13T19:50:58 IST" duration-ms="6993" status="PASS">
          <params>
            <param index="0">
              <value>
                <![CDATA[admin]]>
              </value>
            </param>
            <param index="1">
              <value>
                <![CDATA[123123]]>
              </value>
            </param>
            <param index="2">
              <value>
                <![CDATA[procurement]]>
              </value>
            </param>
          </params>
          <reporter-output>
          </reporter-output>
        </test-method> <!-- verifyUserIsAbleToDeleteRoleOnAcceptingConfirmationMessage -->
        <test-method is-config="true" signature="tearDown(org.testng.ITestResult)[pri:0, instance:qalegend.RoleModule@34129c78]" started-at="2023-06-13T19:50:58 IST" name="tearDown" finished-at="2023-06-13T19:50:58 IST" duration-ms="167" status="PASS">
          <params>
            <param index="0">
              <value>
                <![CDATA[[TestResult name=verifyUserIsAbleToDeleteRoleOnAcceptingConfirmationMessage status=SUCCESS method=RoleModule.verifyUserIsAbleToDeleteRoleOnAcceptingConfirmationMessage(java.lang.String,java.lang.String,java.lang.String)[pri:0, instance:qalegend.RoleModule@34129c78] output={null}]]]>
              </value>
            </param>
          </params>
          <reporter-output>
          </reporter-output>
        </test-method> <!-- tearDown -->
        <test-method is-config="true" signature="urlLaunch(java.lang.String)[pri:0, instance:qalegend.RoleModule@34129c78]" started-at="2023-06-13T19:50:58 IST" name="urlLaunch" finished-at="2023-06-13T19:51:04 IST" duration-ms="5613" status="PASS">
          <params>
            <param index="0">
              <value>
                <![CDATA[chrome]]>
              </value>
            </param>
          </params>
          <reporter-output>
          </reporter-output>
        </test-method> <!-- urlLaunch -->
        <test-method signature="verifyUserIsNotAbleToDeleteRoleIfConfirmationMessageIsCancelled(java.lang.String,java.lang.String,java.lang.String)[pri:0, instance:qalegend.RoleModule@34129c78]" started-at="2023-06-13T19:51:04 IST" name="verifyUserIsNotAbleToDeleteRoleIfConfirmationMessageIsCancelled" data-provider="testcase21" finished-at="2023-06-13T19:51:09 IST" duration-ms="5636" status="PASS">
          <params>
            <param index="0">
              <value>
                <![CDATA[admin]]>
              </value>
            </param>
            <param index="1">
              <value>
                <![CDATA[123123]]>
              </value>
            </param>
            <param index="2">
              <value>
                <![CDATA[manager]]>
              </value>
            </param>
          </params>
          <reporter-output>
          </reporter-output>
        </test-method> <!-- verifyUserIsNotAbleToDeleteRoleIfConfirmationMessageIsCancelled -->
        <test-method is-config="true" signature="tearDown(org.testng.ITestResult)[pri:0, instance:qalegend.RoleModule@34129c78]" started-at="2023-06-13T19:51:09 IST" name="tearDown" finished-at="2023-06-13T19:51:09 IST" duration-ms="168" status="PASS">
          <params>
            <param index="0">
              <value>
                <![CDATA[[TestResult name=verifyUserIsNotAbleToDeleteRoleIfConfirmationMessageIsCancelled status=SUCCESS method=RoleModule.verifyUserIsNotAbleToDeleteRoleIfConfirmationMessageIsCancelled(java.lang.String,java.lang.String,java.lang.String)[pri:0, instance:qalegend.RoleModule@34129c78] output={null}]]]>
              </value>
            </param>
          </params>
          <reporter-output>
          </reporter-output>
        </test-method> <!-- tearDown -->
        <test-method is-config="true" signature="urlLaunch(java.lang.String)[pri:0, instance:qalegend.RoleModule@34129c78]" started-at="2023-06-13T19:51:10 IST" name="urlLaunch" finished-at="2023-06-13T19:51:17 IST" duration-ms="7794" status="PASS">
          <params>
            <param index="0">
              <value>
                <![CDATA[chrome]]>
              </value>
            </param>
          </params>
          <reporter-output>
          </reporter-output>
        </test-method> <!-- urlLaunch -->
        <test-method signature="verifyValidationMessageShownOnSearchingANonExistingRoleName(java.lang.String,java.lang.String,java.lang.String)[pri:0, instance:qalegend.RoleModule@34129c78]" started-at="2023-06-13T19:51:17 IST" name="verifyValidationMessageShownOnSearchingANonExistingRoleName" data-provider="testCase20" finished-at="2023-06-13T19:51:22 IST" duration-ms="5075" status="PASS">
          <params>
            <param index="0">
              <value>
                <![CDATA[admin]]>
              </value>
            </param>
            <param index="1">
              <value>
                <![CDATA[123123]]>
              </value>
            </param>
            <param index="2">
              <value>
                <![CDATA[zzzzzzzzzzzzzzz]]>
              </value>
            </param>
          </params>
          <reporter-output>
          </reporter-output>
        </test-method> <!-- verifyValidationMessageShownOnSearchingANonExistingRoleName -->
        <test-method is-config="true" signature="tearDown(org.testng.ITestResult)[pri:0, instance:qalegend.RoleModule@34129c78]" started-at="2023-06-13T19:51:22 IST" name="tearDown" finished-at="2023-06-13T19:51:23 IST" duration-ms="160" status="PASS">
          <params>
            <param index="0">
              <value>
                <![CDATA[[TestResult name=verifyValidationMessageShownOnSearchingANonExistingRoleName status=SUCCESS method=RoleModule.verifyValidationMessageShownOnSearchingANonExistingRoleName(java.lang.String,java.lang.String,java.lang.String)[pri:0, instance:qalegend.RoleModule@34129c78] output={null}]]]>
              </value>
            </param>
          </params>
          <reporter-output>
          </reporter-output>
        </test-method> <!-- tearDown -->
      </class> <!-- qalegend.RoleModule -->
    </test> <!-- AutomationTests -->
  </suite> <!-- demo -->
</testng-results>
