<?xml version="1.0" encoding="UTF-8"?>
<testng-results ignored="7" total="15" passed="8" failed="0" skipped="0">
  <reporter-output>
  </reporter-output>
  <suite started-at="2023-06-13T20:14:27 IST" name="Suite" finished-at="2023-06-13T20:17:34 IST" duration-ms="186391">
    <groups>
      <group name="regression">
        <method signature="UserManagementModule.verifySearchUserFunctionality(java.lang.String,java.lang.String,java.lang.String)[pri:0, instance:qalegend.UserManagementModule@7d61eb55]" name="verifySearchUserFunctionality" class="qalegend.UserManagementModule"/>
        <method signature="UserManagementModule.verifyUserNotDeletedOnClickingCancelOfConfirmationMessage(java.lang.String,java.lang.String,java.lang.String)[pri:0, instance:qalegend.UserManagementModule@7d61eb55]" name="verifyUserNotDeletedOnClickingCancelOfConfirmationMessage" class="qalegend.UserManagementModule"/>
        <method signature="UserManagementModule.verifyViewUserFunctionality(java.lang.String,java.lang.String,java.lang.String)[pri:0, instance:qalegend.UserManagementModule@7d61eb55]" name="verifyViewUserFunctionality" class="qalegend.UserManagementModule"/>
      </group> <!-- regression -->
      <group name="smokeTest">
        <method signature="LoginTestCase.verifyLoginWithValidUsernameAndValidPassword(java.lang.String,java.lang.String)[pri:0, instance:qalegend.LoginTestCase@202b0582]" name="verifyLoginWithValidUsernameAndValidPassword" class="qalegend.LoginTestCase"/>
        <method signature="RoleModule.verifyUserIsNotAbleToDeleteRoleIfConfirmationMessageIsCancelled(java.lang.String,java.lang.String,java.lang.String)[pri:0, instance:qalegend.RoleModule@638ef7ed]" name="verifyUserIsNotAbleToDeleteRoleIfConfirmationMessageIsCancelled" class="qalegend.RoleModule"/>
        <method signature="RoleModule.verifyValidationMessageShownOnSearchingANonExistingRoleName(java.lang.String,java.lang.String,java.lang.String)[pri:0, instance:qalegend.RoleModule@638ef7ed]" name="verifyValidationMessageShownOnSearchingANonExistingRoleName" class="qalegend.RoleModule"/>
      </group> <!-- smokeTest -->
      <group name="sanityTest">
        <method signature="LoginTestCase.verifyLoginWithValidUsernameAndInvalidPassword(java.lang.String,java.lang.String)[pri:0, instance:qalegend.LoginTestCase@202b0582]" name="verifyLoginWithValidUsernameAndInvalidPassword" class="qalegend.LoginTestCase"/>
        <method signature="LoginTestCase.verifyLoginWithValidUsernameAndValidPassword(java.lang.String,java.lang.String)[pri:0, instance:qalegend.LoginTestCase@202b0582]" name="verifyLoginWithValidUsernameAndValidPassword" class="qalegend.LoginTestCase"/>
        <method signature="UserManagementModule.verifyUserCreationWithValidData(java.lang.String,java.lang.String,java.lang.String)[pri:0, instance:qalegend.UserManagementModule@7d61eb55]" name="verifyUserCreationWithValidData" class="qalegend.UserManagementModule"/>
      </group> <!-- sanityTest -->
    </groups>
    <test started-at="2023-06-13T20:14:27 IST" name="Test" finished-at="2023-06-13T20:17:34 IST" duration-ms="186391">
      <class name="qalegend.UserManagementModule">
        <test-method is-config="true" signature="urlLaunch(java.lang.String)[pri:0, instance:qalegend.UserManagementModule@7d61eb55]" started-at="2023-06-13T20:14:44 IST" name="urlLaunch" finished-at="2023-06-13T20:14:49 IST" duration-ms="4339" status="PASS">
          <params>
            <param index="0">
              <value>
                <![CDATA[chrome]]>
              </value>
            </param>
          </params>
          <reporter-output>
          </reporter-output>
        </test-method> <!-- urlLaunch -->
        <test-method signature="verifySearchUserFunctionality(java.lang.String,java.lang.String,java.lang.String)[pri:0, instance:qalegend.UserManagementModule@7d61eb55]" started-at="2023-06-13T20:14:49 IST" name="verifySearchUserFunctionality" data-provider="searchUser" finished-at="2023-06-13T20:14:56 IST" duration-ms="7060" status="PASS">
          <params>
            <param index="0">
              <value>
                <![CDATA[admin]]>
              </value>
            </param>
            <param index="1">
              <value>
                <![CDATA[123123]]>
              </value>
            </param>
            <param index="2">
              <value>
                <![CDATA[Zana123]]>
              </value>
            </param>
          </params>
          <reporter-output>
          </reporter-output>
        </test-method> <!-- verifySearchUserFunctionality -->
        <test-method is-config="true" signature="urlLaunch(java.lang.String)[pri:0, instance:qalegend.UserManagementModule@7d61eb55]" started-at="2023-06-13T20:14:56 IST" name="urlLaunch" finished-at="2023-06-13T20:16:08 IST" duration-ms="71900" status="PASS">
          <params>
            <param index="0">
              <value>
                <![CDATA[chrome]]>
              </value>
            </param>
          </params>
          <reporter-output>
          </reporter-output>
        </test-method> <!-- urlLaunch -->
        <test-method signature="verifyUserCreationWithValidData(java.lang.String,java.lang.String,java.lang.String)[pri:0, instance:qalegend.UserManagementModule@7d61eb55]" started-at="2023-06-13T20:16:08 IST" name="verifyUserCreationWithValidData" data-provider="Userdata" finished-at="2023-06-13T20:16:20 IST" duration-ms="11754" status="PASS">
          <params>
            <param index="0">
              <value>
                <![CDATA[admin]]>
              </value>
            </param>
            <param index="1">
              <value>
                <![CDATA[123123]]>
              </value>
            </param>
            <param index="2">
              <value>
                <![CDATA[Specialist]]>
              </value>
            </param>
          </params>
          <reporter-output>
          </reporter-output>
        </test-method> <!-- verifyUserCreationWithValidData -->
        <test-method is-config="true" signature="urlLaunch(java.lang.String)[pri:0, instance:qalegend.UserManagementModule@7d61eb55]" started-at="2023-06-13T20:16:20 IST" name="urlLaunch" finished-at="2023-06-13T20:16:23 IST" duration-ms="3628" status="PASS">
          <params>
            <param index="0">
              <value>
                <![CDATA[chrome]]>
              </value>
            </param>
          </params>
          <reporter-output>
          </reporter-output>
        </test-method> <!-- urlLaunch -->
        <test-method signature="verifyUserNotDeletedOnClickingCancelOfConfirmationMessage(java.lang.String,java.lang.String,java.lang.String)[pri:0, instance:qalegend.UserManagementModule@7d61eb55]" started-at="2023-06-13T20:16:23 IST" name="verifyUserNotDeletedOnClickingCancelOfConfirmationMessage" data-provider="cancelDeleteUser" finished-at="2023-06-13T20:16:30 IST" duration-ms="6554" status="PASS">
          <params>
            <param index="0">
              <value>
                <![CDATA[admin]]>
              </value>
            </param>
            <param index="1">
              <value>
                <![CDATA[123123]]>
              </value>
            </param>
            <param index="2">
              <value>
                <![CDATA[george8894]]>
              </value>
            </param>
          </params>
          <reporter-output>
          </reporter-output>
        </test-method> <!-- verifyUserNotDeletedOnClickingCancelOfConfirmationMessage -->
        <test-method is-config="true" signature="urlLaunch(java.lang.String)[pri:0, instance:qalegend.UserManagementModule@7d61eb55]" started-at="2023-06-13T20:16:30 IST" name="urlLaunch" finished-at="2023-06-13T20:16:44 IST" duration-ms="14239" status="PASS">
          <params>
            <param index="0">
              <value>
                <![CDATA[chrome]]>
              </value>
            </param>
          </params>
          <reporter-output>
          </reporter-output>
        </test-method> <!-- urlLaunch -->
        <test-method signature="verifyViewUserFunctionality(java.lang.String,java.lang.String,java.lang.String)[pri:0, instance:qalegend.UserManagementModule@7d61eb55]" started-at="2023-06-13T20:16:44 IST" name="verifyViewUserFunctionality" data-provider="viewUser" finished-at="2023-06-13T20:17:03 IST" duration-ms="19188" status="PASS">
          <params>
            <param index="0">
              <value>
                <![CDATA[admin]]>
              </value>
            </param>
            <param index="1">
              <value>
                <![CDATA[123123]]>
              </value>
            </param>
            <param index="2">
              <value>
                <![CDATA[raddy64321]]>
              </value>
            </param>
          </params>
          <reporter-output>
          </reporter-output>
        </test-method> <!-- verifyViewUserFunctionality -->
      </class> <!-- qalegend.UserManagementModule -->
      <class name="qalegend.LoginTestCase">
        <test-method is-config="true" signature="urlLaunch(java.lang.String)[pri:0, instance:qalegend.LoginTestCase@202b0582]" started-at="2023-06-13T20:14:28 IST" name="urlLaunch" finished-at="2023-06-13T20:14:35 IST" duration-ms="6890" status="PASS">
          <params>
            <param index="0">
              <value>
                <![CDATA[chrome]]>
              </value>
            </param>
          </params>
          <reporter-output>
          </reporter-output>
        </test-method> <!-- urlLaunch -->
        <test-method signature="verifyLoginWithValidUsernameAndInvalidPassword(java.lang.String,java.lang.String)[pri:0, instance:qalegend.LoginTestCase@202b0582]" started-at="2023-06-13T20:14:35 IST" name="verifyLoginWithValidUsernameAndInvalidPassword" data-provider="testCase1" finished-at="2023-06-13T20:14:37 IST" duration-ms="1586" status="PASS">
          <params>
            <param index="0">
              <value>
                <![CDATA[admin]]>
              </value>
            </param>
            <param index="1">
              <value>
                <![CDATA[111]]>
              </value>
            </param>
          </params>
          <reporter-output>
          </reporter-output>
        </test-method> <!-- verifyLoginWithValidUsernameAndInvalidPassword -->
        <test-method is-config="true" signature="urlLaunch(java.lang.String)[pri:0, instance:qalegend.LoginTestCase@202b0582]" started-at="2023-06-13T20:14:37 IST" name="urlLaunch" finished-at="2023-06-13T20:14:41 IST" duration-ms="4427" status="PASS">
          <params>
            <param index="0">
              <value>
                <![CDATA[chrome]]>
              </value>
            </param>
          </params>
          <reporter-output>
          </reporter-output>
        </test-method> <!-- urlLaunch -->
        <test-method signature="verifyLoginWithValidUsernameAndValidPassword(java.lang.String,java.lang.String)[pri:0, instance:qalegend.LoginTestCase@202b0582]" started-at="2023-06-13T20:14:41 IST" name="verifyLoginWithValidUsernameAndValidPassword" data-provider="testdatavalid" finished-at="2023-06-13T20:14:44 IST" duration-ms="2901" status="PASS">
          <params>
            <param index="0">
              <value>
                <![CDATA[admin]]>
              </value>
            </param>
            <param index="1">
              <value>
                <![CDATA[123123]]>
              </value>
            </param>
          </params>
          <reporter-output>
          </reporter-output>
        </test-method> <!-- verifyLoginWithValidUsernameAndValidPassword -->
      </class> <!-- qalegend.LoginTestCase -->
      <class name="qalegend.RoleModule">
        <test-method is-config="true" signature="urlLaunch(java.lang.String)[pri:0, instance:qalegend.RoleModule@638ef7ed]" started-at="2023-06-13T20:17:03 IST" name="urlLaunch" finished-at="2023-06-13T20:17:08 IST" duration-ms="4420" status="PASS">
          <params>
            <param index="0">
              <value>
                <![CDATA[chrome]]>
              </value>
            </param>
          </params>
          <reporter-output>
          </reporter-output>
        </test-method> <!-- urlLaunch -->
        <test-method signature="verifyUserIsNotAbleToDeleteRoleIfConfirmationMessageIsCancelled(java.lang.String,java.lang.String,java.lang.String)[pri:0, instance:qalegend.RoleModule@638ef7ed]" started-at="2023-06-13T20:17:08 IST" name="verifyUserIsNotAbleToDeleteRoleIfConfirmationMessageIsCancelled" data-provider="testcase21" finished-at="2023-06-13T20:17:14 IST" duration-ms="5741" status="PASS">
          <params>
            <param index="0">
              <value>
                <![CDATA[admin]]>
              </value>
            </param>
            <param index="1">
              <value>
                <![CDATA[123123]]>
              </value>
            </param>
            <param index="2">
              <value>
                <![CDATA[manager]]>
              </value>
            </param>
          </params>
          <reporter-output>
          </reporter-output>
        </test-method> <!-- verifyUserIsNotAbleToDeleteRoleIfConfirmationMessageIsCancelled -->
        <test-method is-config="true" signature="urlLaunch(java.lang.String)[pri:0, instance:qalegend.RoleModule@638ef7ed]" started-at="2023-06-13T20:17:14 IST" name="urlLaunch" finished-at="2023-06-13T20:17:18 IST" duration-ms="4601" status="PASS">
          <params>
            <param index="0">
              <value>
                <![CDATA[chrome]]>
              </value>
            </param>
          </params>
          <reporter-output>
          </reporter-output>
        </test-method> <!-- urlLaunch -->
        <test-method signature="verifyValidationMessageShownOnSearchingANonExistingRoleName(java.lang.String,java.lang.String,java.lang.String)[pri:0, instance:qalegend.RoleModule@638ef7ed]" started-at="2023-06-13T20:17:18 IST" name="verifyValidationMessageShownOnSearchingANonExistingRoleName" data-provider="testCase20" finished-at="2023-06-13T20:17:34 IST" duration-ms="15581" status="PASS">
          <params>
            <param index="0">
              <value>
                <![CDATA[admin]]>
              </value>
            </param>
            <param index="1">
              <value>
                <![CDATA[123123]]>
              </value>
            </param>
            <param index="2">
              <value>
                <![CDATA[zzzzzzzzzzzzzzz]]>
              </value>
            </param>
          </params>
          <reporter-output>
          </reporter-output>
        </test-method> <!-- verifyValidationMessageShownOnSearchingANonExistingRoleName -->
      </class> <!-- qalegend.RoleModule -->
    </test> <!-- Test -->
  </suite> <!-- Suite -->
</testng-results>
