<?xml version="1.0" encoding="UTF-8"?>
<testng-results ignored="6" total="7" passed="1" failed="0" skipped="0">
  <reporter-output>
  </reporter-output>
  <suite started-at="2023-06-20T20:50:27 IST" name="demo" finished-at="2023-06-20T20:50:42 IST" duration-ms="15164">
    <groups>
    </groups>
    <test started-at="2023-06-20T20:50:27 IST" name="AutomationTests" finished-at="2023-06-20T20:50:42 IST" duration-ms="15164">
      <class name="qalegend.TaxRateModule">
        <test-method is-config="true" signature="urlLaunch(java.lang.String)[pri:0, instance:qalegend.TaxRateModule@1ca3b418]" started-at="2023-06-20T20:50:28 IST" name="urlLaunch" finished-at="2023-06-20T20:50:35 IST" duration-ms="6562" status="PASS">
          <params>
            <param index="0">
              <value>
                <![CDATA[chrome]]>
              </value>
            </param>
          </params>
          <reporter-output>
          </reporter-output>
        </test-method> <!-- urlLaunch -->
        <test-method signature="verifyUserIsAbleToAddTaxGroupSuccessfully(java.lang.String,java.lang.String,java.lang.String,java.lang.String,java.lang.String)[pri:0, instance:qalegend.TaxRateModule@1ca3b418]" started-at="2023-06-20T20:50:35 IST" name="verifyUserIsAbleToAddTaxGroupSuccessfully" data-provider="addTaxGroup" finished-at="2023-06-20T20:50:42 IST" duration-ms="7430" status="PASS">
          <params>
            <param index="0">
              <value>
                <![CDATA[admin]]>
              </value>
            </param>
            <param index="1">
              <value>
                <![CDATA[123123]]>
              </value>
            </param>
            <param index="2">
              <value>
                <![CDATA[DeepAli]]>
              </value>
            </param>
            <param index="3">
              <value>
                <![CDATA[21]]>
              </value>
            </param>
            <param index="4">
              <value>
                <![CDATA[94]]>
              </value>
            </param>
          </params>
          <reporter-output>
          </reporter-output>
        </test-method> <!-- verifyUserIsAbleToAddTaxGroupSuccessfully -->
        <test-method is-config="true" signature="tearDown(org.testng.ITestResult)[pri:0, instance:qalegend.TaxRateModule@1ca3b418]" started-at="2023-06-20T20:50:42 IST" name="tearDown" finished-at="2023-06-20T20:50:42 IST" duration-ms="212" status="PASS">
          <params>
            <param index="0">
              <value>
                <![CDATA[[TestResult name=verifyUserIsAbleToAddTaxGroupSuccessfully status=SUCCESS method=TaxRateModule.verifyUserIsAbleToAddTaxGroupSuccessfully(java.lang.String,java.lang.String,java.lang.String,java.lang.String,java.lang.String)[pri:0, instance:qalegend.TaxRateModule@1ca3b418] output={null}]]]>
              </value>
            </param>
          </params>
          <reporter-output>
          </reporter-output>
        </test-method> <!-- tearDown -->
      </class> <!-- qalegend.TaxRateModule -->
    </test> <!-- AutomationTests -->
  </suite> <!-- demo -->
</testng-results>
